#
# A fatal error has been detected by the Java Runtime Environment:
#
#  SIGSEGV (0xb) at pc=0x00007f9462c31f35, pid=18818, tid=18861
#
# JRE version: Java(TM) SE Runtime Environment 18.9 (11.0.11+9) (build 11.0.11+9-LTS-194)
# Java VM: Java HotSpot(TM) 64-Bit Server VM 18.9 (11.0.11+9-LTS-194, mixed mode, tiered, compressed oops, g1 gc, linux-amd64)
# Problematic frame:
# V  [libjvm.so+0x7bcf35]  G1ParScanThreadState::copy_to_survivor_space(InCSetState, oopDesc*, markOopDesc*)+0x35
#
# Core dump will be written. Default location: Core dumps may be processed with "/usr/share/apport/apport %p %s %c %d %P %E" (or dumping to /home/cedric/Bureau/demo/core.18818)
#
# If you would like to submit a bug report, please visit:
#   https://bugreport.java.com/bugreport/crash.jsp
#

---------------  S U M M A R Y ------------

Command Line: -XX:TieredStopAtLevel=1 -Xverify:none -Dspring.output.ansi.enabled=always -javaagent:/home/cedric/.local/share/JetBrains/Toolbox/apps/IDEA-U/ch-0/212.5284.40/lib/idea_rt.jar=43567:/home/cedric/.local/share/JetBrains/Toolbox/apps/IDEA-U/ch-0/212.5284.40/bin -Dcom.sun.management.jmxremote -Dspring.jmx.enabled=true -Dspring.liveBeansView.mbeanDomain -Dspring.application.admin.enabled=true -Dfile.encoding=UTF-8 com.example.demo.DemoApplication

Host: Intel(R) Core(TM) i3-4030U CPU @ 1.90GHz, 4 cores, 11G, Ubuntu 20.10
Time: Mon Oct 11 13:02:59 2021 WAT elapsed time: 92438.388626 seconds (1d 1h 40m 38s)

---------------  T H R E A D  ---------------

Current thread (0x00007f9420004000):  GCTaskThread "GC Thread#3" [stack: 0x00007f9428fd6000,0x00007f94290d6000] [id=18861]

Stack: [0x00007f9428fd6000,0x00007f94290d6000],  sp=0x00007f94290d48e0,  free space=1018k
Native frames: (J=compiled Java code, A=aot compiled Java code, j=interpreted, Vv=VM code, C=native code)
V  [libjvm.so+0x7bcf35]  G1ParScanThreadState::copy_to_survivor_space(InCSetState, oopDesc*, markOopDesc*)+0x35
V  [libjvm.so+0x7ba9f0]  G1ParScanThreadState::trim_queue_partially()+0x790
V  [libjvm.so+0x7cde06]  G1RefineCardClosure::do_card_ptr(signed char*, unsigned int)+0x46
V  [libjvm.so+0x732518]  DirtyCardQueueSet::apply_closure_during_gc(CardTableEntryClosure*, unsigned int)+0x148
V  [libjvm.so+0x77b98a]  G1CollectedHeap::iterate_dirty_card_closure(CardTableEntryClosure*, unsigned int)+0x3a
V  [libjvm.so+0x7c9dad]  G1RemSet::update_rem_set(G1ParScanThreadState*, unsigned int)+0x10d
V  [libjvm.so+0x7c9f0b]  G1RemSet::oops_into_collection_set_do(G1ParScanThreadState*, unsigned int)+0x1b
V  [libjvm.so+0x787482]  G1ParTask::work(unsigned int)+0x102
V  [libjvm.so+0xecd9dd]  GangWorker::loop()+0x4d
V  [libjvm.so+0xe366bf]  Thread::call_run()+0x14f
V  [libjvm.so+0xc7c2ee]  thread_native_entry(Thread*)+0xee


siginfo: si_signo: 11 (SIGSEGV), si_code: 1 (SEGV_MAPERR), si_addr: 0x000000085f058870

Register to memory mapping:

RAX=0x0000000000000001 is an unknown value
RBX=
[error occurred during error reporting (printing register info), id 0xb, SIGSEGV (0xb) at pc=0x00007f9462beacf2]

Registers:
RAX=0x0000000000000001, RBX=0x000000074e5d7338, RCX=0x0000000000000000, RDX=0x00007f946390a310
RSP=0x00007f94290d48e0, RBP=0x00007f94290d4960, RSI=0x0000000000000001, RDI=0x000000085f058868
R8 =0x0000000000000003, R9 =0x0000000000000000, R10=0x0000000000000000, R11=0x0000000000000003
R12=0x00007f93ec002010, R13=0x0000000747aa94ec, R14=0x00007f93ec002010, R15=0x0000000000000040
RIP=0x00007f9462c31f35, EFLAGS=0x0000000000010202, CSGSFS=0x002b000000000033, ERR=0x0000000000000004
  TRAPNO=0x000000000000000e

Top of Stack: (sp=0x00007f94290d48e0)
0x00007f94290d48e0:   0000000000000001 00007f9463a55f15
0x00007f94290d48f0:   00007f94290d4970 00007f9400000002
0x00007f94290d4900:   000000000000000b 00000006630e81df
0x00007f94290d4910:   0000000000000011 0000000014071501 

Instructions: (pc=0x00007f9462c31f35)
0x00007f9462c31f15:   ec 58 48 8d 05 6e 53 d0 00 40 88 75 b8 48 89 4d
0x00007f9462c31f25:   b0 0f b6 00 84 c0 0f 85 7f 01 00 00 48 8b 7a 08
0x00007f9462c31f35:   44 8b 6f 08 41 83 fd 00 0f 8e 4d 01 00 00 41 f6
0x00007f9462c31f45:   c5 01 0f 85 49 01 00 00 41 c1 fd 03 49 8b 46 08 

Stack slot to memory mapping:
stack at sp + 0 slots: 0x0000000000000001 is an unknown value
stack at sp + 1 slots: 0x00007f9463a55f15: __clock_gettime+0x0000000000000025 in /lib/x86_64-linux-gnu/libc.so.6 at 0x00007f946397d000
stack at sp + 2 slots: 0x00007f94290d4970 points into unknown readable memory: e0 49 0d 29 94 7f 00 00
stack at sp + 3 slots: 0x00007f9400000002 points into unknown readable memory: 00 00 94 7f 00 00
stack at sp + 4 slots: 0x000000000000000b is an unknown value
stack at sp + 5 slots: 0x00000006630e81df is an unknown value
stack at sp + 6 slots: 0x0000000000000011 is an unknown value
stack at sp + 7 slots: 0x0000000014071501 is an unknown value


---------------  P R O C E S S  ---------------

Threads class SMR info:
_java_thread_list=0x00007f93c4001db0, length=20, elements={
0x00007f945c207000, 0x00007f945c20b000, 0x00007f945c220000, 0x00007f945c222000,
0x00007f945c224000, 0x00007f945c2b7800, 0x00007f945c5b7000, 0x00007f945c5b8000,
0x00007f945c6ea000, 0x00007f9410001000, 0x00007f93d801d800, 0x00007f945cfe8800,
0x00007f945cfea000, 0x00007f945cfec800, 0x00007f945d23d000, 0x00007f945d82c000,
0x00007f945d82d000, 0x00007f945c026800, 0x00007f93c4003000, 0x00007f93c4003800
}

Java Threads: ( => current thread )
  0x00007f945c207000 JavaThread "Reference Handler" daemon [_thread_blocked, id=18838, stack(0x00007f943814d000,0x00007f943824e000)]
  0x00007f945c20b000 JavaThread "Finalizer" daemon [_thread_blocked, id=18839, stack(0x00007f943804c000,0x00007f943814d000)]
  0x00007f945c220000 JavaThread "Signal Dispatcher" daemon [_thread_blocked, id=18840, stack(0x00007f942a91d000,0x00007f942aa1e000)]
  0x00007f945c222000 JavaThread "C1 CompilerThread0" daemon [_thread_blocked, id=18841, stack(0x00007f942a81c000,0x00007f942a91d000)]
  0x00007f945c224000 JavaThread "Sweeper thread" daemon [_thread_blocked, id=18842, stack(0x00007f942a71b000,0x00007f942a81c000)]
  0x00007f945c2b7800 JavaThread "Common-Cleaner" daemon [_thread_blocked, id=18848, stack(0x00007f942a61a000,0x00007f942a71b000)]
  0x00007f945c5b7000 JavaThread "Monitor Ctrl-Break" daemon [_thread_in_native, id=18851, stack(0x00007f942a0ef000,0x00007f942a1f0000)]
  0x00007f945c5b8000 JavaThread "Service Thread" daemon [_thread_blocked, id=18852, stack(0x00007f9429fee000,0x00007f942a0ef000)]
  0x00007f945c6ea000 JavaThread "RMI TCP Accept-0" daemon [_thread_in_native, id=18856, stack(0x00007f94296dd000,0x00007f94297de000)]
  0x00007f9410001000 JavaThread "Attach Listener" daemon [_thread_blocked, id=18858, stack(0x00007f94292da000,0x00007f94293db000)]
  0x00007f93d801d800 JavaThread "RMI Scheduler(0)" daemon [_thread_blocked, id=18877, stack(0x00007f94283cf000,0x00007f94284d0000)]
  0x00007f945cfe8800 JavaThread "Catalina-utility-1" [_thread_blocked, id=18889, stack(0x00007f94287d1000,0x00007f94288d2000)]
  0x00007f945cfea000 JavaThread "Catalina-utility-2" [_thread_blocked, id=18890, stack(0x00007f94282ce000,0x00007f94283cf000)]
  0x00007f945cfec800 JavaThread "container-0" [_thread_blocked, id=18891, stack(0x00007f93d76ff000,0x00007f93d7800000)]
  0x00007f945d23d000 JavaThread "HikariPool-1 housekeeper" daemon [_thread_blocked, id=18895, stack(0x00007f93d75fe000,0x00007f93d76ff000)]
  0x00007f945d82c000 JavaThread "http-nio-8080-Poller" daemon [_thread_in_native, id=18917, stack(0x00007f93d67fc000,0x00007f93d68fd000)]
  0x00007f945d82d000 JavaThread "http-nio-8080-Acceptor" daemon [_thread_in_native, id=18918, stack(0x00007f93d60fb000,0x00007f93d61fc000)]
  0x00007f945c026800 JavaThread "DestroyJavaVM" [_thread_blocked, id=18823, stack(0x00007f9462225000,0x00007f9462326000)]
  0x00007f93c4003000 JavaThread "HikariPool-1 connection closer" daemon [_thread_blocked, id=255584, stack(0x00007f94284d0000,0x00007f94285d1000)]
  0x00007f93c4003800 JavaThread "HikariPool-1 connection adder" daemon [_thread_blocked, id=255585, stack(0x00007f93d5cf9000,0x00007f93d5dfa000)]

Other Threads:
  0x00007f945c1ff000 VMThread "VM Thread" [stack: 0x00007f9438250000,0x00007f9438350000] [id=18832]
  0x00007f945c6f1000 WatcherThread [stack: 0x00007f94293dd000,0x00007f94294dd000] [id=18857]
  0x00007f945c03b000 GCTaskThread "GC Thread#0" [stack: 0x00007f94614b4000,0x00007f94615b4000] [id=18824]
  0x00007f9420001000 GCTaskThread "GC Thread#1" [stack: 0x00007f94291da000,0x00007f94292da000] [id=18859]
  0x00007f9420002800 GCTaskThread "GC Thread#2" [stack: 0x00007f94290d8000,0x00007f94291d8000] [id=18860]
=>0x00007f9420004000 GCTaskThread "GC Thread#3" [stack: 0x00007f9428fd6000,0x00007f94290d6000] [id=18861]
  0x00007f945c082800 ConcurrentGCThread "G1 Main Marker" [stack: 0x00007f94603b5000,0x00007f94604b5000] [id=18825]
  0x00007f945c084800 ConcurrentGCThread "G1 Conc#0" [stack: 0x00007f94602b3000,0x00007f94603b3000] [id=18826]
  0x00007f945c135000 ConcurrentGCThread "G1 Refine#0" [stack: 0x00007f9444211000,0x00007f9444311000] [id=18827]
  0x00007f9430001000 ConcurrentGCThread "G1 Refine#1" [stack: 0x00007f9428ed4000,0x00007f9428fd4000] [id=18862]
  0x00007f945c137000 ConcurrentGCThread "G1 Young RemSet Sampling" [stack: 0x00007f944410f000,0x00007f944420f000] [id=18828]

Threads with active compile tasks:

VM state:at safepoint (normal execution)

VM Mutex/Monitor currently owned by a thread:  ([mutex/lock_event])
[0x00007f945c022fe0] Threads_lock - owner thread: 0x00007f945c1ff000
[0x00007f945c0237c0] Heap_lock - owner thread: 0x00007f93c4003000

Heap address: 0x0000000746a00000, size: 2966 MB, Compressed Oops mode: Zero based, Oop shift amount: 3
Narrow klass base: 0x0000000800000000, Narrow klass shift: 0
Compressed class space size: 1073741824 Address: 0x0000000800000000

Heap:
 garbage-first heap   total 292864K, used 186984K [0x0000000746a00000, 0x0000000800000000)
  region size 1024K, 152 young (155648K), 3 survivors (3072K)
 Metaspace       used 56045K, capacity 57824K, committed 58160K, reserved 1099776K
  class space    used 7257K, capacity 7978K, committed 8064K, reserved 1048576K
Heap Regions: E=young(eden), S=young(survivor), O=old, HS=humongous(starts), HC=humongous(continues), CS=collection set, F=free, A=archive, TAMS=top-at-mark-start (previous, next)
|   0|0x0000000746a00000, 0x0000000746b00000, 0x0000000746b00000|100%|HS|  |TAMS 0x0000000746b00000, 0x0000000746a00000| Complete 
|   1|0x0000000746b00000, 0x0000000746c00000, 0x0000000746c00000|100%| O|  |TAMS 0x0000000746c00000, 0x0000000746b00000| Untracked 
|   2|0x0000000746c00000, 0x0000000746d00000, 0x0000000746d00000|100%| O|  |TAMS 0x0000000746d00000, 0x0000000746c00000| Untracked 
|   3|0x0000000746d00000, 0x0000000746e00000, 0x0000000746e00000|100%| O|  |TAMS 0x0000000746e00000, 0x0000000746d00000| Untracked 
|   4|0x0000000746e00000, 0x0000000746f00000, 0x0000000746f00000|100%| O|  |TAMS 0x0000000746f00000, 0x0000000746e00000| Untracked 
|   5|0x0000000746f00000, 0x0000000747000000, 0x0000000747000000|100%| O|  |TAMS 0x0000000747000000, 0x0000000746f00000| Untracked 
|   6|0x0000000747000000, 0x0000000747100000, 0x0000000747100000|100%| O|  |TAMS 0x0000000747100000, 0x0000000747000000| Untracked 
|   7|0x0000000747100000, 0x0000000747200000, 0x0000000747200000|100%| O|  |TAMS 0x000000074713f600, 0x0000000747100000| Untracked 
|   8|0x0000000747200000, 0x0000000747300000, 0x0000000747300000|100%| O|  |TAMS 0x0000000747200000, 0x0000000747200000| Untracked 
|   9|0x0000000747300000, 0x0000000747400000, 0x0000000747400000|100%| O|  |TAMS 0x0000000747300000, 0x0000000747300000| Untracked 
|  10|0x0000000747400000, 0x0000000747500000, 0x0000000747500000|100%| O|  |TAMS 0x0000000747400000, 0x0000000747400000| Untracked 
|  11|0x0000000747500000, 0x0000000747600000, 0x0000000747600000|100%| O|  |TAMS 0x0000000747500000, 0x0000000747500000| Untracked 
|  12|0x0000000747600000, 0x0000000747700000, 0x0000000747700000|100%| O|  |TAMS 0x0000000747600000, 0x0000000747600000| Untracked 
|  13|0x0000000747700000, 0x0000000747800000, 0x0000000747800000|100%| O|  |TAMS 0x0000000747700000, 0x0000000747700000| Untracked 
|  14|0x0000000747800000, 0x0000000747900000, 0x0000000747900000|100%| O|  |TAMS 0x0000000747800000, 0x0000000747800000| Untracked 
|  15|0x0000000747900000, 0x0000000747a00000, 0x0000000747a00000|100%| O|  |TAMS 0x0000000747900000, 0x0000000747900000| Untracked 
|  16|0x0000000747a00000, 0x0000000747b00000, 0x0000000747b00000|100%| O|  |TAMS 0x0000000747a00000, 0x0000000747a00000| Untracked 
|  17|0x0000000747b00000, 0x0000000747c00000, 0x0000000747c00000|100%| O|  |TAMS 0x0000000747b00000, 0x0000000747b00000| Untracked 
|  18|0x0000000747c00000, 0x0000000747d00000, 0x0000000747d00000|100%| O|  |TAMS 0x0000000747c00000, 0x0000000747c00000| Untracked 
|  19|0x0000000747d00000, 0x0000000747e00000, 0x0000000747e00000|100%| O|  |TAMS 0x0000000747d00000, 0x0000000747d00000| Untracked 
|  20|0x0000000747e00000, 0x0000000747f00000, 0x0000000747f00000|100%| O|  |TAMS 0x0000000747e00000, 0x0000000747e00000| Untracked 
|  21|0x0000000747f00000, 0x0000000747ff0338, 0x0000000748000000| 93%| O|  |TAMS 0x0000000747f00000, 0x0000000747f00000| Untracked 
|  22|0x0000000748000000, 0x0000000748000000, 0x0000000748100000|  0%| F|  |TAMS 0x0000000748000000, 0x0000000748000000| Untracked 
|  23|0x0000000748100000, 0x0000000748100000, 0x0000000748200000|  0%| F|  |TAMS 0x0000000748100000, 0x0000000748100000| Untracked 
|  24|0x0000000748200000, 0x0000000748200000, 0x0000000748300000|  0%| F|  |TAMS 0x0000000748200000, 0x0000000748200000| Untracked 
|  25|0x0000000748300000, 0x0000000748300000, 0x0000000748400000|  0%| F|  |TAMS 0x0000000748300000, 0x0000000748300000| Untracked 
|  26|0x0000000748400000, 0x0000000748400000, 0x0000000748500000|  0%| F|  |TAMS 0x0000000748400000, 0x0000000748400000| Untracked 
|  27|0x0000000748500000, 0x0000000748500000, 0x0000000748600000|  0%| F|  |TAMS 0x0000000748500000, 0x0000000748500000| Untracked 
|  28|0x0000000748600000, 0x0000000748600000, 0x0000000748700000|  0%| F|  |TAMS 0x0000000748600000, 0x0000000748600000| Untracked 
|  29|0x0000000748700000, 0x0000000748700000, 0x0000000748800000|  0%| F|  |TAMS 0x0000000748700000, 0x0000000748700000| Untracked 
|  30|0x0000000748800000, 0x0000000748800000, 0x0000000748900000|  0%| F|  |TAMS 0x0000000748800000, 0x0000000748800000| Untracked 
|  31|0x0000000748900000, 0x0000000748900000, 0x0000000748a00000|  0%| F|  |TAMS 0x0000000748900000, 0x0000000748900000| Untracked 
|  32|0x0000000748a00000, 0x0000000748a00000, 0x0000000748b00000|  0%| F|  |TAMS 0x0000000748a00000, 0x0000000748a00000| Untracked 
|  33|0x0000000748b00000, 0x0000000748b00000, 0x0000000748c00000|  0%| F|  |TAMS 0x0000000748b00000, 0x0000000748b00000| Untracked 
|  34|0x0000000748c00000, 0x0000000748c00000, 0x0000000748d00000|  0%| F|  |TAMS 0x0000000748c00000, 0x0000000748c00000| Untracked 
|  35|0x0000000748d00000, 0x0000000748d00000, 0x0000000748e00000|  0%| F|  |TAMS 0x0000000748d00000, 0x0000000748d00000| Untracked 
|  36|0x0000000748e00000, 0x0000000748e00000, 0x0000000748f00000|  0%| F|  |TAMS 0x0000000748e00000, 0x0000000748e00000| Untracked 
|  37|0x0000000748f00000, 0x0000000748f00000, 0x0000000749000000|  0%| F|  |TAMS 0x0000000748f00000, 0x0000000748f00000| Untracked 
|  38|0x0000000749000000, 0x0000000749000000, 0x0000000749100000|  0%| F|  |TAMS 0x0000000749000000, 0x0000000749000000| Untracked 
|  39|0x0000000749100000, 0x0000000749100000, 0x0000000749200000|  0%| F|  |TAMS 0x0000000749100000, 0x0000000749100000| Untracked 
|  40|0x0000000749200000, 0x0000000749200000, 0x0000000749300000|  0%| F|  |TAMS 0x0000000749200000, 0x0000000749200000| Untracked 
|  41|0x0000000749300000, 0x0000000749300000, 0x0000000749400000|  0%| F|  |TAMS 0x0000000749300000, 0x0000000749300000| Untracked 
|  42|0x0000000749400000, 0x0000000749400000, 0x0000000749500000|  0%| F|  |TAMS 0x0000000749400000, 0x0000000749400000| Untracked 
|  43|0x0000000749500000, 0x0000000749500000, 0x0000000749600000|  0%| F|  |TAMS 0x0000000749500000, 0x0000000749500000| Untracked 
|  44|0x0000000749600000, 0x0000000749600000, 0x0000000749700000|  0%| F|  |TAMS 0x0000000749600000, 0x0000000749600000| Untracked 
|  45|0x0000000749700000, 0x0000000749700000, 0x0000000749800000|  0%| F|  |TAMS 0x0000000749700000, 0x0000000749700000| Untracked 
|  46|0x0000000749800000, 0x0000000749800000, 0x0000000749900000|  0%| F|  |TAMS 0x0000000749800000, 0x0000000749800000| Untracked 
|  47|0x0000000749900000, 0x0000000749900000, 0x0000000749a00000|  0%| F|  |TAMS 0x0000000749900000, 0x0000000749900000| Untracked 
|  48|0x0000000749a00000, 0x0000000749a00000, 0x0000000749b00000|  0%| F|  |TAMS 0x0000000749a00000, 0x0000000749a00000| Untracked 
|  49|0x0000000749b00000, 0x0000000749b00000, 0x0000000749c00000|  0%| F|  |TAMS 0x0000000749b00000, 0x0000000749b00000| Untracked 
|  50|0x0000000749c00000, 0x0000000749c00000, 0x0000000749d00000|  0%| F|  |TAMS 0x0000000749c00000, 0x0000000749c00000| Untracked 
|  51|0x0000000749d00000, 0x0000000749d00000, 0x0000000749e00000|  0%| F|  |TAMS 0x0000000749d00000, 0x0000000749d00000| Untracked 
|  52|0x0000000749e00000, 0x0000000749e00000, 0x0000000749f00000|  0%| F|  |TAMS 0x0000000749e00000, 0x0000000749e00000| Untracked 
|  53|0x0000000749f00000, 0x0000000749f00000, 0x000000074a000000|  0%| F|  |TAMS 0x0000000749f00000, 0x0000000749f00000| Untracked 
|  54|0x000000074a000000, 0x000000074a000000, 0x000000074a100000|  0%| F|  |TAMS 0x000000074a000000, 0x000000074a000000| Untracked 
|  55|0x000000074a100000, 0x000000074a100000, 0x000000074a200000|  0%| F|  |TAMS 0x000000074a100000, 0x000000074a100000| Untracked 
|  56|0x000000074a200000, 0x000000074a200000, 0x000000074a300000|  0%| F|  |TAMS 0x000000074a200000, 0x000000074a200000| Untracked 
|  57|0x000000074a300000, 0x000000074a300000, 0x000000074a400000|  0%| F|  |TAMS 0x000000074a300000, 0x000000074a300000| Untracked 
|  58|0x000000074a400000, 0x000000074a400000, 0x000000074a500000|  0%| F|  |TAMS 0x000000074a400000, 0x000000074a400000| Untracked 
|  59|0x000000074a500000, 0x000000074a500000, 0x000000074a600000|  0%| F|  |TAMS 0x000000074a500000, 0x000000074a500000| Untracked 
|  60|0x000000074a600000, 0x000000074a600000, 0x000000074a700000|  0%| F|  |TAMS 0x000000074a600000, 0x000000074a600000| Untracked 
|  61|0x000000074a700000, 0x000000074a700000, 0x000000074a800000|  0%| F|  |TAMS 0x000000074a700000, 0x000000074a700000| Untracked 
|  62|0x000000074a800000, 0x000000074a800000, 0x000000074a900000|  0%| F|  |TAMS 0x000000074a800000, 0x000000074a800000| Untracked 
|  63|0x000000074a900000, 0x000000074a900000, 0x000000074aa00000|  0%| F|  |TAMS 0x000000074a900000, 0x000000074a900000| Untracked 
|  64|0x000000074aa00000, 0x000000074aa00000, 0x000000074ab00000|  0%| F|  |TAMS 0x000000074aa00000, 0x000000074aa00000| Untracked 
|  65|0x000000074ab00000, 0x000000074ab00000, 0x000000074ac00000|  0%| F|  |TAMS 0x000000074ab00000, 0x000000074ab00000| Untracked 
|  66|0x000000074ac00000, 0x000000074ac00000, 0x000000074ad00000|  0%| F|  |TAMS 0x000000074ac00000, 0x000000074ac00000| Untracked 
|  67|0x000000074ad00000, 0x000000074ad00000, 0x000000074ae00000|  0%| F|  |TAMS 0x000000074ad00000, 0x000000074ad00000| Untracked 
|  68|0x000000074ae00000, 0x000000074ae00000, 0x000000074af00000|  0%| F|  |TAMS 0x000000074ae00000, 0x000000074ae00000| Untracked 
|  69|0x000000074af00000, 0x000000074af00000, 0x000000074b000000|  0%| F|  |TAMS 0x000000074af00000, 0x000000074af00000| Untracked 
|  70|0x000000074b000000, 0x000000074b000000, 0x000000074b100000|  0%| F|  |TAMS 0x000000074b000000, 0x000000074b000000| Untracked 
|  71|0x000000074b100000, 0x000000074b100000, 0x000000074b200000|  0%| F|  |TAMS 0x000000074b100000, 0x000000074b100000| Untracked 
|  72|0x000000074b200000, 0x000000074b200000, 0x000000074b300000|  0%| F|  |TAMS 0x000000074b200000, 0x000000074b200000| Untracked 
|  73|0x000000074b300000, 0x000000074b300000, 0x000000074b400000|  0%| F|  |TAMS 0x000000074b300000, 0x000000074b300000| Untracked 
|  74|0x000000074b400000, 0x000000074b400000, 0x000000074b500000|  0%| F|  |TAMS 0x000000074b400000, 0x000000074b400000| Untracked 
|  75|0x000000074b500000, 0x000000074b500000, 0x000000074b600000|  0%| F|  |TAMS 0x000000074b500000, 0x000000074b500000| Untracked 
|  76|0x000000074b600000, 0x000000074b600000, 0x000000074b700000|  0%| F|  |TAMS 0x000000074b600000, 0x000000074b600000| Untracked 
|  77|0x000000074b700000, 0x000000074b700000, 0x000000074b800000|  0%| F|  |TAMS 0x000000074b700000, 0x000000074b700000| Untracked 
|  78|0x000000074b800000, 0x000000074b800000, 0x000000074b900000|  0%| F|  |TAMS 0x000000074b800000, 0x000000074b800000| Untracked 
|  79|0x000000074b900000, 0x000000074b900000, 0x000000074ba00000|  0%| F|  |TAMS 0x000000074b900000, 0x000000074b900000| Untracked 
|  80|0x000000074ba00000, 0x000000074ba00000, 0x000000074bb00000|  0%| F|  |TAMS 0x000000074ba00000, 0x000000074ba00000| Untracked 
|  81|0x000000074bb00000, 0x000000074bb00000, 0x000000074bc00000|  0%| F|  |TAMS 0x000000074bb00000, 0x000000074bb00000| Untracked 
|  82|0x000000074bc00000, 0x000000074bc00000, 0x000000074bd00000|  0%| F|  |TAMS 0x000000074bc00000, 0x000000074bc00000| Untracked 
|  83|0x000000074bd00000, 0x000000074bd00000, 0x000000074be00000|  0%| F|  |TAMS 0x000000074bd00000, 0x000000074bd00000| Untracked 
|  84|0x000000074be00000, 0x000000074be00000, 0x000000074bf00000|  0%| F|  |TAMS 0x000000074be00000, 0x000000074be00000| Untracked 
|  85|0x000000074bf00000, 0x000000074bf00000, 0x000000074c000000|  0%| F|  |TAMS 0x000000074bf00000, 0x000000074bf00000| Untracked 
|  86|0x000000074c000000, 0x000000074c000000, 0x000000074c100000|  0%| F|  |TAMS 0x000000074c000000, 0x000000074c000000| Untracked 
|  87|0x000000074c100000, 0x000000074c100000, 0x000000074c200000|  0%| F|  |TAMS 0x000000074c100000, 0x000000074c100000| Untracked 
|  88|0x000000074c200000, 0x000000074c200000, 0x000000074c300000|  0%| F|  |TAMS 0x000000074c200000, 0x000000074c200000| Untracked 
|  89|0x000000074c300000, 0x000000074c300000, 0x000000074c400000|  0%| F|  |TAMS 0x000000074c300000, 0x000000074c300000| Untracked 
|  90|0x000000074c400000, 0x000000074c400000, 0x000000074c500000|  0%| F|  |TAMS 0x000000074c400000, 0x000000074c400000| Untracked 
|  91|0x000000074c500000, 0x000000074c500000, 0x000000074c600000|  0%| F|  |TAMS 0x000000074c500000, 0x000000074c500000| Untracked 
|  92|0x000000074c600000, 0x000000074c600000, 0x000000074c700000|  0%| F|  |TAMS 0x000000074c600000, 0x000000074c600000| Untracked 
|  93|0x000000074c700000, 0x000000074c700000, 0x000000074c800000|  0%| F|  |TAMS 0x000000074c700000, 0x000000074c700000| Untracked 
|  94|0x000000074c800000, 0x000000074c800000, 0x000000074c900000|  0%| F|  |TAMS 0x000000074c800000, 0x000000074c800000| Untracked 
|  95|0x000000074c900000, 0x000000074c900000, 0x000000074ca00000|  0%| F|  |TAMS 0x000000074c900000, 0x000000074c900000| Untracked 
|  96|0x000000074ca00000, 0x000000074ca00000, 0x000000074cb00000|  0%| F|  |TAMS 0x000000074ca00000, 0x000000074ca00000| Untracked 
|  97|0x000000074cb00000, 0x000000074cb00000, 0x000000074cc00000|  0%| F|  |TAMS 0x000000074cb00000, 0x000000074cb00000| Untracked 
|  98|0x000000074cc00000, 0x000000074cc00000, 0x000000074cd00000|  0%| F|  |TAMS 0x000000074cc00000, 0x000000074cc00000| Untracked 
|  99|0x000000074cd00000, 0x000000074cd00000, 0x000000074ce00000|  0%| F|  |TAMS 0x000000074cd00000, 0x000000074cd00000| Untracked 
| 100|0x000000074ce00000, 0x000000074ce00000, 0x000000074cf00000|  0%| F|  |TAMS 0x000000074ce00000, 0x000000074ce00000| Untracked 
| 101|0x000000074cf00000, 0x000000074cf00000, 0x000000074d000000|  0%| F|  |TAMS 0x000000074cf00000, 0x000000074cf00000| Untracked 
| 102|0x000000074d000000, 0x000000074d000000, 0x000000074d100000|  0%| F|  |TAMS 0x000000074d000000, 0x000000074d000000| Untracked 
| 103|0x000000074d100000, 0x000000074d100000, 0x000000074d200000|  0%| F|  |TAMS 0x000000074d100000, 0x000000074d100000| Untracked 
| 104|0x000000074d200000, 0x000000074d200000, 0x000000074d300000|  0%| F|  |TAMS 0x000000074d200000, 0x000000074d200000| Untracked 
| 105|0x000000074d300000, 0x000000074d300000, 0x000000074d400000|  0%| F|  |TAMS 0x000000074d300000, 0x000000074d300000| Untracked 
| 106|0x000000074d400000, 0x000000074d400000, 0x000000074d500000|  0%| F|  |TAMS 0x000000074d400000, 0x000000074d400000| Untracked 
| 107|0x000000074d500000, 0x000000074d500000, 0x000000074d600000|  0%| F|  |TAMS 0x000000074d500000, 0x000000074d500000| Untracked 
| 108|0x000000074d600000, 0x000000074d700000, 0x000000074d700000|100%| E|CS|TAMS 0x000000074d600000, 0x000000074d600000| Complete 
| 109|0x000000074d700000, 0x000000074d800000, 0x000000074d800000|100%| E|CS|TAMS 0x000000074d700000, 0x000000074d700000| Complete 
| 110|0x000000074d800000, 0x000000074d900000, 0x000000074d900000|100%| E|CS|TAMS 0x000000074d800000, 0x000000074d800000| Complete 
| 111|0x000000074d900000, 0x000000074da00000, 0x000000074da00000|100%| E|CS|TAMS 0x000000074d900000, 0x000000074d900000| Complete 
| 112|0x000000074da00000, 0x000000074db00000, 0x000000074db00000|100%| E|CS|TAMS 0x000000074da00000, 0x000000074da00000| Complete 
| 113|0x000000074db00000, 0x000000074dc00000, 0x000000074dc00000|100%| E|CS|TAMS 0x000000074db00000, 0x000000074db00000| Complete 
| 114|0x000000074dc00000, 0x000000074dd00000, 0x000000074dd00000|100%| E|CS|TAMS 0x000000074dc00000, 0x000000074dc00000| Complete 
| 115|0x000000074dd00000, 0x000000074de00000, 0x000000074de00000|100%| E|CS|TAMS 0x000000074dd00000, 0x000000074dd00000| Complete 
| 116|0x000000074de00000, 0x000000074df00000, 0x000000074df00000|100%| E|CS|TAMS 0x000000074de00000, 0x000000074de00000| Complete 
| 117|0x000000074df00000, 0x000000074e000000, 0x000000074e000000|100%| E|CS|TAMS 0x000000074df00000, 0x000000074df00000| Complete 
| 118|0x000000074e000000, 0x000000074e100000, 0x000000074e100000|100%| E|CS|TAMS 0x000000074e000000, 0x000000074e000000| Complete 
| 119|0x000000074e100000, 0x000000074e200000, 0x000000074e200000|100%| E|CS|TAMS 0x000000074e100000, 0x000000074e100000| Complete 
| 120|0x000000074e200000, 0x000000074e300000, 0x000000074e300000|100%| E|CS|TAMS 0x000000074e200000, 0x000000074e200000| Complete 
| 121|0x000000074e300000, 0x000000074e400000, 0x000000074e400000|100%| E|CS|TAMS 0x000000074e300000, 0x000000074e300000| Complete 
| 122|0x000000074e400000, 0x000000074e500000, 0x000000074e500000|100%| E|CS|TAMS 0x000000074e400000, 0x000000074e400000| Complete 
| 123|0x000000074e500000, 0x000000074e600000, 0x000000074e600000|100%| E|CS|TAMS 0x000000074e500000, 0x000000074e500000| Complete 
| 124|0x000000074e600000, 0x000000074e700000, 0x000000074e700000|100%| E|CS|TAMS 0x000000074e600000, 0x000000074e600000| Complete 
| 125|0x000000074e700000, 0x000000074e800000, 0x000000074e800000|100%| E|CS|TAMS 0x000000074e700000, 0x000000074e700000| Complete 
| 126|0x000000074e800000, 0x000000074e900000, 0x000000074e900000|100%| E|CS|TAMS 0x000000074e800000, 0x000000074e800000| Complete 
| 127|0x000000074e900000, 0x000000074ea00000, 0x000000074ea00000|100%| E|CS|TAMS 0x000000074e900000, 0x000000074e900000| Complete 
| 128|0x000000074ea00000, 0x000000074eb00000, 0x000000074eb00000|100%| E|CS|TAMS 0x000000074ea00000, 0x000000074ea00000| Complete 
| 129|0x000000074eb00000, 0x000000074ec00000, 0x000000074ec00000|100%| E|CS|TAMS 0x000000074eb00000, 0x000000074eb00000| Complete 
| 130|0x000000074ec00000, 0x000000074ec00000, 0x000000074ed00000|  0%| F|  |TAMS 0x000000074ec00000, 0x000000074ec00000| Untracked 
| 131|0x000000074ed00000, 0x000000074ed00000, 0x000000074ee00000|  0%| F|  |TAMS 0x000000074ed00000, 0x000000074ed00000| Untracked 
| 132|0x000000074ee00000, 0x000000074ee00000, 0x000000074ef00000|  0%| F|  |TAMS 0x000000074ee00000, 0x000000074ee00000| Untracked 
| 133|0x000000074ef00000, 0x000000074ef00000, 0x000000074f000000|  0%| F|  |TAMS 0x000000074ef00000, 0x000000074ef00000| Untracked 
| 134|0x000000074f000000, 0x000000074f080000, 0x000000074f100000| 50%| S|  |TAMS 0x000000074f000000, 0x000000074f000000| Complete 
| 135|0x000000074f100000, 0x000000074f200000, 0x000000074f200000|100%| S|  |TAMS 0x000000074f100000, 0x000000074f100000| Complete 
| 136|0x000000074f200000, 0x000000074f300000, 0x000000074f300000|100%| S|  |TAMS 0x000000074f200000, 0x000000074f200000| Complete 
| 137|0x000000074f300000, 0x000000074f400000, 0x000000074f400000|100%| E|CS|TAMS 0x000000074f300000, 0x000000074f300000| Complete 
| 138|0x000000074f400000, 0x000000074f500000, 0x000000074f500000|100%| E|CS|TAMS 0x000000074f400000, 0x000000074f400000| Complete 
| 139|0x000000074f500000, 0x000000074f600000, 0x000000074f600000|100%| E|CS|TAMS 0x000000074f500000, 0x000000074f500000| Complete 
| 140|0x000000074f600000, 0x000000074f700000, 0x000000074f700000|100%| E|CS|TAMS 0x000000074f600000, 0x000000074f600000| Complete 
| 141|0x000000074f700000, 0x000000074f800000, 0x000000074f800000|100%| E|CS|TAMS 0x000000074f700000, 0x000000074f700000| Complete 
| 142|0x000000074f800000, 0x000000074f900000, 0x000000074f900000|100%| E|CS|TAMS 0x000000074f800000, 0x000000074f800000| Complete 
| 143|0x000000074f900000, 0x000000074fa00000, 0x000000074fa00000|100%| E|CS|TAMS 0x000000074f900000, 0x000000074f900000| Complete 
| 144|0x000000074fa00000, 0x000000074fb00000, 0x000000074fb00000|100%| E|CS|TAMS 0x000000074fa00000, 0x000000074fa00000| Complete 
| 145|0x000000074fb00000, 0x000000074fc00000, 0x000000074fc00000|100%| E|CS|TAMS 0x000000074fb00000, 0x000000074fb00000| Complete 
| 146|0x000000074fc00000, 0x000000074fd00000, 0x000000074fd00000|100%| E|CS|TAMS 0x000000074fc00000, 0x000000074fc00000| Complete 
| 147|0x000000074fd00000, 0x000000074fe00000, 0x000000074fe00000|100%| E|CS|TAMS 0x000000074fd00000, 0x000000074fd00000| Complete 
| 148|0x000000074fe00000, 0x000000074ff00000, 0x000000074ff00000|100%| E|CS|TAMS 0x000000074fe00000, 0x000000074fe00000| Complete 
| 149|0x000000074ff00000, 0x0000000750000000, 0x0000000750000000|100%| E|CS|TAMS 0x000000074ff00000, 0x000000074ff00000| Complete 
| 150|0x0000000750000000, 0x0000000750100000, 0x0000000750100000|100%| E|CS|TAMS 0x0000000750000000, 0x0000000750000000| Complete 
| 151|0x0000000750100000, 0x0000000750200000, 0x0000000750200000|100%| E|CS|TAMS 0x0000000750100000, 0x0000000750100000| Complete 
| 152|0x0000000750200000, 0x0000000750300000, 0x0000000750300000|100%| E|CS|TAMS 0x0000000750200000, 0x0000000750200000| Complete 
| 153|0x0000000750300000, 0x0000000750400000, 0x0000000750400000|100%| E|CS|TAMS 0x0000000750300000, 0x0000000750300000| Complete 
| 154|0x0000000750400000, 0x0000000750500000, 0x0000000750500000|100%| E|CS|TAMS 0x0000000750400000, 0x0000000750400000| Complete 
| 155|0x0000000750500000, 0x0000000750600000, 0x0000000750600000|100%| E|CS|TAMS 0x0000000750500000, 0x0000000750500000| Complete 
| 156|0x0000000750600000, 0x0000000750700000, 0x0000000750700000|100%| E|CS|TAMS 0x0000000750600000, 0x0000000750600000| Complete 
| 157|0x0000000750700000, 0x0000000750800000, 0x0000000750800000|100%| E|CS|TAMS 0x0000000750700000, 0x0000000750700000| Complete 
| 158|0x0000000750800000, 0x0000000750900000, 0x0000000750900000|100%| E|CS|TAMS 0x0000000750800000, 0x0000000750800000| Complete 
| 159|0x0000000750900000, 0x0000000750a00000, 0x0000000750a00000|100%| E|CS|TAMS 0x0000000750900000, 0x0000000750900000| Complete 
| 160|0x0000000750a00000, 0x0000000750b00000, 0x0000000750b00000|100%| E|CS|TAMS 0x0000000750a00000, 0x0000000750a00000| Complete 
| 161|0x0000000750b00000, 0x0000000750c00000, 0x0000000750c00000|100%| E|CS|TAMS 0x0000000750b00000, 0x0000000750b00000| Complete 
| 162|0x0000000750c00000, 0x0000000750d00000, 0x0000000750d00000|100%| E|CS|TAMS 0x0000000750c00000, 0x0000000750c00000| Complete 
| 163|0x0000000750d00000, 0x0000000750e00000, 0x0000000750e00000|100%| E|CS|TAMS 0x0000000750d00000, 0x0000000750d00000| Complete 
| 164|0x0000000750e00000, 0x0000000750f00000, 0x0000000750f00000|100%| E|CS|TAMS 0x0000000750e00000, 0x0000000750e00000| Complete 
| 165|0x0000000750f00000, 0x0000000751000000, 0x0000000751000000|100%| E|CS|TAMS 0x0000000750f00000, 0x0000000750f00000| Complete 
| 166|0x0000000751000000, 0x0000000751100000, 0x0000000751100000|100%| E|CS|TAMS 0x0000000751000000, 0x0000000751000000| Complete 
| 167|0x0000000751100000, 0x0000000751200000, 0x0000000751200000|100%| E|CS|TAMS 0x0000000751100000, 0x0000000751100000| Complete 
| 168|0x0000000751200000, 0x0000000751300000, 0x0000000751300000|100%| E|CS|TAMS 0x0000000751200000, 0x0000000751200000| Complete 
| 169|0x0000000751300000, 0x0000000751400000, 0x0000000751400000|100%| E|CS|TAMS 0x0000000751300000, 0x0000000751300000| Complete 
| 170|0x0000000751400000, 0x0000000751500000, 0x0000000751500000|100%| E|CS|TAMS 0x0000000751400000, 0x0000000751400000| Complete 
| 171|0x0000000751500000, 0x0000000751600000, 0x0000000751600000|100%| E|CS|TAMS 0x0000000751500000, 0x0000000751500000| Complete 
| 172|0x0000000751600000, 0x0000000751700000, 0x0000000751700000|100%| E|CS|TAMS 0x0000000751600000, 0x0000000751600000| Complete 
| 173|0x0000000751700000, 0x0000000751800000, 0x0000000751800000|100%| E|CS|TAMS 0x0000000751700000, 0x0000000751700000| Complete 
| 174|0x0000000751800000, 0x0000000751900000, 0x0000000751900000|100%| E|CS|TAMS 0x0000000751800000, 0x0000000751800000| Complete 
| 175|0x0000000751900000, 0x0000000751a00000, 0x0000000751a00000|100%| E|CS|TAMS 0x0000000751900000, 0x0000000751900000| Complete 
| 176|0x0000000751a00000, 0x0000000751b00000, 0x0000000751b00000|100%| E|CS|TAMS 0x0000000751a00000, 0x0000000751a00000| Complete 
| 177|0x0000000751b00000, 0x0000000751c00000, 0x0000000751c00000|100%| E|CS|TAMS 0x0000000751b00000, 0x0000000751b00000| Complete 
| 178|0x0000000751c00000, 0x0000000751d00000, 0x0000000751d00000|100%| E|CS|TAMS 0x0000000751c00000, 0x0000000751c00000| Complete 
| 179|0x0000000751d00000, 0x0000000751e00000, 0x0000000751e00000|100%| E|CS|TAMS 0x0000000751d00000, 0x0000000751d00000| Complete 
| 180|0x0000000751e00000, 0x0000000751f00000, 0x0000000751f00000|100%| E|CS|TAMS 0x0000000751e00000, 0x0000000751e00000| Complete 
| 181|0x0000000751f00000, 0x0000000752000000, 0x0000000752000000|100%| E|CS|TAMS 0x0000000751f00000, 0x0000000751f00000| Complete 
| 182|0x0000000752000000, 0x0000000752100000, 0x0000000752100000|100%| E|CS|TAMS 0x0000000752000000, 0x0000000752000000| Complete 
| 183|0x0000000752100000, 0x0000000752200000, 0x0000000752200000|100%| E|CS|TAMS 0x0000000752100000, 0x0000000752100000| Complete 
| 184|0x0000000752200000, 0x0000000752300000, 0x0000000752300000|100%| E|CS|TAMS 0x0000000752200000, 0x0000000752200000| Complete 
| 185|0x0000000752300000, 0x0000000752400000, 0x0000000752400000|100%| E|CS|TAMS 0x0000000752300000, 0x0000000752300000| Complete 
| 186|0x0000000752400000, 0x0000000752500000, 0x0000000752500000|100%| E|CS|TAMS 0x0000000752400000, 0x0000000752400000| Complete 
| 187|0x0000000752500000, 0x0000000752600000, 0x0000000752600000|100%| E|CS|TAMS 0x0000000752500000, 0x0000000752500000| Complete 
| 188|0x0000000752600000, 0x0000000752700000, 0x0000000752700000|100%| E|CS|TAMS 0x0000000752600000, 0x0000000752600000| Complete 
| 189|0x0000000752700000, 0x0000000752800000, 0x0000000752800000|100%| E|CS|TAMS 0x0000000752700000, 0x0000000752700000| Complete 
| 190|0x0000000752800000, 0x0000000752900000, 0x0000000752900000|100%| E|CS|TAMS 0x0000000752800000, 0x0000000752800000| Complete 
| 191|0x0000000752900000, 0x0000000752a00000, 0x0000000752a00000|100%| E|CS|TAMS 0x0000000752900000, 0x0000000752900000| Complete 
| 192|0x0000000752a00000, 0x0000000752b00000, 0x0000000752b00000|100%| E|CS|TAMS 0x0000000752a00000, 0x0000000752a00000| Complete 
| 193|0x0000000752b00000, 0x0000000752c00000, 0x0000000752c00000|100%| E|CS|TAMS 0x0000000752b00000, 0x0000000752b00000| Complete 
| 194|0x0000000752c00000, 0x0000000752d00000, 0x0000000752d00000|100%| E|CS|TAMS 0x0000000752c00000, 0x0000000752c00000| Complete 
| 195|0x0000000752d00000, 0x0000000752e00000, 0x0000000752e00000|100%| E|CS|TAMS 0x0000000752d00000, 0x0000000752d00000| Complete 
| 196|0x0000000752e00000, 0x0000000752f00000, 0x0000000752f00000|100%| E|CS|TAMS 0x0000000752e00000, 0x0000000752e00000| Complete 
| 197|0x0000000752f00000, 0x0000000753000000, 0x0000000753000000|100%| E|CS|TAMS 0x0000000752f00000, 0x0000000752f00000| Complete 
| 198|0x0000000753000000, 0x0000000753100000, 0x0000000753100000|100%| E|CS|TAMS 0x0000000753000000, 0x0000000753000000| Complete 
| 199|0x0000000753100000, 0x0000000753200000, 0x0000000753200000|100%| E|CS|TAMS 0x0000000753100000, 0x0000000753100000| Complete 
| 200|0x0000000753200000, 0x0000000753300000, 0x0000000753300000|100%| E|CS|TAMS 0x0000000753200000, 0x0000000753200000| Complete 
| 201|0x0000000753300000, 0x0000000753400000, 0x0000000753400000|100%| E|CS|TAMS 0x0000000753300000, 0x0000000753300000| Complete 
| 202|0x0000000753400000, 0x0000000753500000, 0x0000000753500000|100%| E|CS|TAMS 0x0000000753400000, 0x0000000753400000| Complete 
| 203|0x0000000753500000, 0x0000000753600000, 0x0000000753600000|100%| E|CS|TAMS 0x0000000753500000, 0x0000000753500000| Complete 
| 204|0x0000000753600000, 0x0000000753700000, 0x0000000753700000|100%| E|CS|TAMS 0x0000000753600000, 0x0000000753600000| Complete 
| 205|0x0000000753700000, 0x0000000753800000, 0x0000000753800000|100%| E|CS|TAMS 0x0000000753700000, 0x0000000753700000| Complete 
| 206|0x0000000753800000, 0x0000000753900000, 0x0000000753900000|100%| E|CS|TAMS 0x0000000753800000, 0x0000000753800000| Complete 
| 207|0x0000000753900000, 0x0000000753a00000, 0x0000000753a00000|100%| E|CS|TAMS 0x0000000753900000, 0x0000000753900000| Complete 
| 208|0x0000000753a00000, 0x0000000753b00000, 0x0000000753b00000|100%| E|CS|TAMS 0x0000000753a00000, 0x0000000753a00000| Complete 
| 209|0x0000000753b00000, 0x0000000753c00000, 0x0000000753c00000|100%| E|CS|TAMS 0x0000000753b00000, 0x0000000753b00000| Complete 
| 210|0x0000000753c00000, 0x0000000753d00000, 0x0000000753d00000|100%| E|CS|TAMS 0x0000000753c00000, 0x0000000753c00000| Complete 
| 211|0x0000000753d00000, 0x0000000753e00000, 0x0000000753e00000|100%| E|CS|TAMS 0x0000000753d00000, 0x0000000753d00000| Complete 
| 212|0x0000000753e00000, 0x0000000753f00000, 0x0000000753f00000|100%| E|CS|TAMS 0x0000000753e00000, 0x0000000753e00000| Complete 
| 213|0x0000000753f00000, 0x0000000754000000, 0x0000000754000000|100%| E|CS|TAMS 0x0000000753f00000, 0x0000000753f00000| Complete 
| 214|0x0000000754000000, 0x0000000754100000, 0x0000000754100000|100%| E|CS|TAMS 0x0000000754000000, 0x0000000754000000| Complete 
| 215|0x0000000754100000, 0x0000000754200000, 0x0000000754200000|100%| E|CS|TAMS 0x0000000754100000, 0x0000000754100000| Complete 
| 216|0x0000000754200000, 0x0000000754300000, 0x0000000754300000|100%| E|CS|TAMS 0x0000000754200000, 0x0000000754200000| Complete 
| 217|0x0000000754300000, 0x0000000754400000, 0x0000000754400000|100%| E|CS|TAMS 0x0000000754300000, 0x0000000754300000| Complete 
| 218|0x0000000754400000, 0x0000000754500000, 0x0000000754500000|100%| E|CS|TAMS 0x0000000754400000, 0x0000000754400000| Complete 
| 219|0x0000000754500000, 0x0000000754600000, 0x0000000754600000|100%| E|CS|TAMS 0x0000000754500000, 0x0000000754500000| Complete 
| 220|0x0000000754600000, 0x0000000754700000, 0x0000000754700000|100%| E|CS|TAMS 0x0000000754600000, 0x0000000754600000| Complete 
| 221|0x0000000754700000, 0x0000000754800000, 0x0000000754800000|100%| E|CS|TAMS 0x0000000754700000, 0x0000000754700000| Complete 
| 222|0x0000000754800000, 0x0000000754900000, 0x0000000754900000|100%| E|CS|TAMS 0x0000000754800000, 0x0000000754800000| Complete 
| 223|0x0000000754900000, 0x0000000754a00000, 0x0000000754a00000|100%| E|CS|TAMS 0x0000000754900000, 0x0000000754900000| Complete 
| 224|0x0000000754a00000, 0x0000000754b00000, 0x0000000754b00000|100%| E|CS|TAMS 0x0000000754a00000, 0x0000000754a00000| Complete 
| 225|0x0000000754b00000, 0x0000000754c00000, 0x0000000754c00000|100%| E|CS|TAMS 0x0000000754b00000, 0x0000000754b00000| Complete 
| 226|0x0000000754c00000, 0x0000000754d00000, 0x0000000754d00000|100%| E|CS|TAMS 0x0000000754c00000, 0x0000000754c00000| Complete 
| 227|0x0000000754d00000, 0x0000000754e00000, 0x0000000754e00000|100%| E|CS|TAMS 0x0000000754d00000, 0x0000000754d00000| Complete 
| 228|0x0000000754e00000, 0x0000000754f00000, 0x0000000754f00000|100%| E|CS|TAMS 0x0000000754e00000, 0x0000000754e00000| Complete 
| 229|0x0000000754f00000, 0x0000000755000000, 0x0000000755000000|100%| E|CS|TAMS 0x0000000754f00000, 0x0000000754f00000| Complete 
| 230|0x0000000755000000, 0x0000000755100000, 0x0000000755100000|100%| E|CS|TAMS 0x0000000755000000, 0x0000000755000000| Complete 
| 231|0x0000000755100000, 0x0000000755200000, 0x0000000755200000|100%| E|CS|TAMS 0x0000000755100000, 0x0000000755100000| Complete 
| 232|0x0000000755200000, 0x0000000755300000, 0x0000000755300000|100%| E|CS|TAMS 0x0000000755200000, 0x0000000755200000| Complete 
| 233|0x0000000755300000, 0x0000000755400000, 0x0000000755400000|100%| E|CS|TAMS 0x0000000755300000, 0x0000000755300000| Complete 
| 234|0x0000000755400000, 0x0000000755500000, 0x0000000755500000|100%| E|CS|TAMS 0x0000000755400000, 0x0000000755400000| Complete 
| 235|0x0000000755500000, 0x0000000755600000, 0x0000000755600000|100%| E|CS|TAMS 0x0000000755500000, 0x0000000755500000| Complete 
| 236|0x0000000755600000, 0x0000000755700000, 0x0000000755700000|100%| E|CS|TAMS 0x0000000755600000, 0x0000000755600000| Complete 
| 237|0x0000000755700000, 0x0000000755800000, 0x0000000755800000|100%| E|CS|TAMS 0x0000000755700000, 0x0000000755700000| Complete 
| 238|0x0000000755800000, 0x0000000755900000, 0x0000000755900000|100%| E|CS|TAMS 0x0000000755800000, 0x0000000755800000| Complete 
| 239|0x0000000755900000, 0x0000000755a00000, 0x0000000755a00000|100%| E|CS|TAMS 0x0000000755900000, 0x0000000755900000| Complete 
| 240|0x0000000755a00000, 0x0000000755b00000, 0x0000000755b00000|100%| E|CS|TAMS 0x0000000755a00000, 0x0000000755a00000| Complete 
| 241|0x0000000755b00000, 0x0000000755c00000, 0x0000000755c00000|100%| E|CS|TAMS 0x0000000755b00000, 0x0000000755b00000| Complete 
| 242|0x0000000755c00000, 0x0000000755d00000, 0x0000000755d00000|100%| E|CS|TAMS 0x0000000755c00000, 0x0000000755c00000| Complete 
| 243|0x0000000755d00000, 0x0000000755e00000, 0x0000000755e00000|100%| E|CS|TAMS 0x0000000755d00000, 0x0000000755d00000| Complete 
| 244|0x0000000755e00000, 0x0000000755f00000, 0x0000000755f00000|100%| E|CS|TAMS 0x0000000755e00000, 0x0000000755e00000| Complete 
| 245|0x0000000755f00000, 0x0000000756000000, 0x0000000756000000|100%| E|CS|TAMS 0x0000000755f00000, 0x0000000755f00000| Complete 
| 246|0x0000000756000000, 0x0000000756100000, 0x0000000756100000|100%| E|CS|TAMS 0x0000000756000000, 0x0000000756000000| Complete 
| 247|0x0000000756100000, 0x0000000756200000, 0x0000000756200000|100%| E|CS|TAMS 0x0000000756100000, 0x0000000756100000| Complete 
| 248|0x0000000756200000, 0x0000000756300000, 0x0000000756300000|100%| E|CS|TAMS 0x0000000756200000, 0x0000000756200000| Complete 
| 249|0x0000000756300000, 0x0000000756400000, 0x0000000756400000|100%| E|CS|TAMS 0x0000000756300000, 0x0000000756300000| Complete 
| 250|0x0000000756400000, 0x0000000756500000, 0x0000000756500000|100%| E|CS|TAMS 0x0000000756400000, 0x0000000756400000| Complete 
| 251|0x0000000756500000, 0x0000000756600000, 0x0000000756600000|100%| E|CS|TAMS 0x0000000756500000, 0x0000000756500000| Complete 
| 252|0x0000000756600000, 0x0000000756700000, 0x0000000756700000|100%| E|CS|TAMS 0x0000000756600000, 0x0000000756600000| Complete 
| 253|0x0000000756700000, 0x0000000756800000, 0x0000000756800000|100%| E|CS|TAMS 0x0000000756700000, 0x0000000756700000| Complete 
| 254|0x0000000756800000, 0x0000000756900000, 0x0000000756900000|100%| E|CS|TAMS 0x0000000756800000, 0x0000000756800000| Complete 
| 255|0x0000000756900000, 0x0000000756a00000, 0x0000000756a00000|100%| E|CS|TAMS 0x0000000756900000, 0x0000000756900000| Complete 
| 256|0x0000000756a00000, 0x0000000756b00000, 0x0000000756b00000|100%| E|CS|TAMS 0x0000000756a00000, 0x0000000756a00000| Complete 
| 257|0x0000000756b00000, 0x0000000756c00000, 0x0000000756c00000|100%| E|CS|TAMS 0x0000000756b00000, 0x0000000756b00000| Complete 
| 258|0x0000000756c00000, 0x0000000756d00000, 0x0000000756d00000|100%| E|CS|TAMS 0x0000000756c00000, 0x0000000756c00000| Complete 
| 259|0x0000000756d00000, 0x0000000756e00000, 0x0000000756e00000|100%| E|CS|TAMS 0x0000000756d00000, 0x0000000756d00000| Complete 
| 260|0x0000000756e00000, 0x0000000756f00000, 0x0000000756f00000|100%| E|CS|TAMS 0x0000000756e00000, 0x0000000756e00000| Complete 
| 261|0x0000000756f00000, 0x0000000757000000, 0x0000000757000000|100%| E|CS|TAMS 0x0000000756f00000, 0x0000000756f00000| Complete 
| 262|0x0000000757000000, 0x0000000757100000, 0x0000000757100000|100%| E|CS|TAMS 0x0000000757000000, 0x0000000757000000| Complete 
| 263|0x0000000757100000, 0x0000000757200000, 0x0000000757200000|100%| E|CS|TAMS 0x0000000757100000, 0x0000000757100000| Complete 
| 264|0x0000000757200000, 0x0000000757300000, 0x0000000757300000|100%| E|CS|TAMS 0x0000000757200000, 0x0000000757200000| Complete 
| 265|0x0000000757300000, 0x0000000757400000, 0x0000000757400000|100%| E|CS|TAMS 0x0000000757300000, 0x0000000757300000| Complete 
| 266|0x0000000757400000, 0x0000000757500000, 0x0000000757500000|100%| E|CS|TAMS 0x0000000757400000, 0x0000000757400000| Complete 
| 267|0x0000000757500000, 0x0000000757600000, 0x0000000757600000|100%| E|CS|TAMS 0x0000000757500000, 0x0000000757500000| Complete 
| 268|0x0000000757600000, 0x0000000757700000, 0x0000000757700000|100%| E|CS|TAMS 0x0000000757600000, 0x0000000757600000| Complete 
| 269|0x0000000757700000, 0x0000000757800000, 0x0000000757800000|100%| E|CS|TAMS 0x0000000757700000, 0x0000000757700000| Complete 
| 270|0x0000000757800000, 0x0000000757900000, 0x0000000757900000|100%| E|CS|TAMS 0x0000000757800000, 0x0000000757800000| Complete 
| 271|0x0000000757900000, 0x0000000757a00000, 0x0000000757a00000|100%| E|CS|TAMS 0x0000000757900000, 0x0000000757900000| Complete 
| 272|0x0000000757a00000, 0x0000000757b00000, 0x0000000757b00000|100%| E|CS|TAMS 0x0000000757a00000, 0x0000000757a00000| Complete 
| 273|0x0000000757b00000, 0x0000000757c00000, 0x0000000757c00000|100%| E|CS|TAMS 0x0000000757b00000, 0x0000000757b00000| Complete 
| 274|0x0000000757c00000, 0x0000000757d00000, 0x0000000757d00000|100%| E|CS|TAMS 0x0000000757c00000, 0x0000000757c00000| Complete 
| 275|0x0000000757d00000, 0x0000000757e00000, 0x0000000757e00000|100%| E|CS|TAMS 0x0000000757d00000, 0x0000000757d00000| Complete 
| 276|0x0000000757e00000, 0x0000000757f00000, 0x0000000757f00000|100%| E|CS|TAMS 0x0000000757e00000, 0x0000000757e00000| Complete 
| 277|0x0000000757f00000, 0x0000000758000000, 0x0000000758000000|100%| E|CS|TAMS 0x0000000757f00000, 0x0000000757f00000| Complete 
| 278|0x0000000758000000, 0x0000000758100000, 0x0000000758100000|100%| E|CS|TAMS 0x0000000758000000, 0x0000000758000000| Complete 
| 279|0x0000000758100000, 0x0000000758200000, 0x0000000758200000|100%| E|CS|TAMS 0x0000000758100000, 0x0000000758100000| Complete 
| 280|0x0000000758200000, 0x0000000758300000, 0x0000000758300000|100%| E|CS|TAMS 0x0000000758200000, 0x0000000758200000| Complete 
| 281|0x0000000758300000, 0x0000000758400000, 0x0000000758400000|100%| E|CS|TAMS 0x0000000758300000, 0x0000000758300000| Complete 
| 282|0x0000000758400000, 0x0000000758500000, 0x0000000758500000|100%| E|CS|TAMS 0x0000000758400000, 0x0000000758400000| Complete 
| 283|0x0000000758500000, 0x0000000758600000, 0x0000000758600000|100%| E|CS|TAMS 0x0000000758500000, 0x0000000758500000| Complete 
| 284|0x0000000758600000, 0x0000000758700000, 0x0000000758700000|100%| E|CS|TAMS 0x0000000758600000, 0x0000000758600000| Complete 
| 285|0x0000000758700000, 0x0000000758800000, 0x0000000758800000|100%| E|CS|TAMS 0x0000000758700000, 0x0000000758700000| Complete 

Card table byte_map: [0x00007f9460518000,0x00007f9460ae3000] _byte_map_base: 0x00007f945cae3000

Marking Bits (Prev, Next): (CMBitMap*) 0x00007f945c075f18, (CMBitMap*) 0x00007f945c075f50
 Prev Bits: [0x00007f943d1a8000, 0x00007f9440000000)
 Next Bits: [0x00007f943a350000, 0x00007f943d1a8000)

Polling page: 0x00007f9463dce000

Metaspace:

Usage:
  Non-class:     48,68 MB capacity,    47,64 MB ( 98%) used,   842,52 KB (  2%) free+waste,   215,50 KB ( <1%) overhead. 
      Class:      7,79 MB capacity,     7,09 MB ( 91%) used,   614,90 KB (  8%) free+waste,   105,69 KB (  1%) overhead. 
       Both:     56,47 MB capacity,    54,73 MB ( 97%) used,     1,42 MB (  3%) free+waste,   321,19 KB ( <1%) overhead. 

Virtual space:
  Non-class space:       50,00 MB reserved,      48,92 MB ( 98%) committed 
      Class space:        1,00 GB reserved,       7,88 MB ( <1%) committed 
             Both:        1,05 GB reserved,      56,80 MB (  5%) committed 

Chunk freelists:
   Non-Class:  1,75 KB
       Class:  0 bytes
        Both:  1,75 KB

CodeHeap 'non-profiled nmethods': size=238948Kb used=8501Kb max_used=8501Kb free=230447Kb
 bounds [0x00007f9445185000, 0x00007f94459d5000, 0x00007f9453ade000]
CodeHeap 'non-nmethods': size=6812Kb used=1195Kb max_used=1195Kb free=5616Kb
 bounds [0x00007f9444ade000, 0x00007f9444d4e000, 0x00007f9445185000]
 total_blobs=5884 nmethods=5323 adapters=488
 compilation: enabled
              stopped_count=0, restarted_count=0
 full_count=0

Compilation events (10 events):
Event: 90692,910 Thread 0x00007f945c222000 5327       1       java.lang.ThreadLocal$ThreadLocalMap::<init> (53 bytes)
Event: 90692,910 Thread 0x00007f945c222000 nmethod 5327 0x00007f94459d0390 code [0x00007f94459d0540, 0x00007f94459d0940]
Event: 92317,866 Thread 0x00007f945c222000 5328       1       org.postgresql.core.PGStream$1::close (5 bytes)
Event: 92317,867 Thread 0x00007f945c222000 nmethod 5328 0x00007f94459d0a90 code [0x00007f94459d0c40, 0x00007f94459d0d20]
Event: 92317,867 Thread 0x00007f945c222000 5329   !   1       java.io.FilterOutputStream::close (183 bytes)
Event: 92317,868 Thread 0x00007f945c222000 nmethod 5329 0x00007f94459d0e10 code [0x00007f94459d1020, 0x00007f94459d15d0]
Event: 92317,868 Thread 0x00007f945c222000 5330       1       java.net.SocketOutputStream::close (53 bytes)
Event: 92317,869 Thread 0x00007f945c222000 nmethod 5330 0x00007f94459d1810 code [0x00007f94459d19c0, 0x00007f94459d1cd0]
Event: 92317,869 Thread 0x00007f945c222000 5331       1       java.net.SocketInputStream::close (53 bytes)
Event: 92317,870 Thread 0x00007f945c222000 nmethod 5331 0x00007f94459d1e10 code [0x00007f94459d1fc0, 0x00007f94459d22d0]

GC Heap History (10 events):
Event: 3,535 GC heap after
{Heap after GC invocations=7 (full 0):
 garbage-first heap   total 231424K, used 12030K [0x0000000746a00000, 0x0000000800000000)
  region size 1024K, 5 young (5120K), 5 survivors (5120K)
 Metaspace       used 25810K, capacity 26803K, committed 27056K, reserved 1073152K
  class space    used 3093K, capacity 3478K, committed 3584K, reserved 1048576K
}
Event: 4,484 GC heap before
{Heap before GC invocations=7 (full 0):
 garbage-first heap   total 231424K, used 88830K [0x0000000746a00000, 0x0000000800000000)
  region size 1024K, 81 young (82944K), 5 survivors (5120K)
 Metaspace       used 32830K, capacity 34115K, committed 34224K, reserved 1079296K
  class space    used 4070K, capacity 4563K, committed 4608K, reserved 1048576K
}
Event: 4,498 GC heap after
{Heap after GC invocations=8 (full 0):
 garbage-first heap   total 231424K, used 15202K [0x0000000746a00000, 0x0000000800000000)
  region size 1024K, 8 young (8192K), 8 survivors (8192K)
 Metaspace       used 32830K, capacity 34115K, committed 34224K, reserved 1079296K
  class space    used 4070K, capacity 4563K, committed 4608K, reserved 1048576K
}
Event: 4,808 GC heap before
{Heap before GC invocations=8 (full 0):
 garbage-first heap   total 231424K, used 53090K [0x0000000746a00000, 0x0000000800000000)
  region size 1024K, 47 young (48128K), 8 survivors (8192K)
 Metaspace       used 34496K, capacity 35844K, committed 35920K, reserved 1081344K
  class space    used 4311K, capacity 4864K, committed 4864K, reserved 1048576K
}
Event: 4,823 GC heap after
{Heap after GC invocations=9 (full 0):
 garbage-first heap   total 231424K, used 15942K [0x0000000746a00000, 0x0000000800000000)
  region size 1024K, 9 young (9216K), 9 survivors (9216K)
 Metaspace       used 34496K, capacity 35844K, committed 35920K, reserved 1081344K
  class space    used 4311K, capacity 4864K, committed 4864K, reserved 1048576K
}
Event: 7,300 GC heap before
{Heap before GC invocations=10 (full 0):
 garbage-first heap   total 231424K, used 144966K [0x0000000746a00000, 0x0000000800000000)
  region size 1024K, 135 young (138240K), 9 survivors (9216K)
 Metaspace       used 55832K, capacity 57651K, committed 57904K, reserved 1099776K
  class space    used 7234K, capacity 7968K, committed 8064K, reserved 1048576K
}
Event: 7,327 GC heap after
{Heap after GC invocations=11 (full 0):
 garbage-first heap   total 292864K, used 22511K [0x0000000746a00000, 0x0000000800000000)
  region size 1024K, 15 young (15360K), 15 survivors (15360K)
 Metaspace       used 55832K, capacity 57651K, committed 57904K, reserved 1099776K
  class space    used 7234K, capacity 7968K, committed 8064K, reserved 1048576K
}
Event: 40887,196 GC heap before
{Heap before GC invocations=11 (full 0):
 garbage-first heap   total 292864K, used 182255K [0x0000000746a00000, 0x0000000800000000)
  region size 1024K, 171 young (175104K), 15 survivors (15360K)
 Metaspace       used 55978K, capacity 57824K, committed 58160K, reserved 1099776K
  class space    used 7257K, capacity 7978K, committed 8064K, reserved 1048576K
}
Event: 40887,242 GC heap after
{Heap after GC invocations=12 (full 0):
 garbage-first heap   total 292864K, used 34408K [0x0000000746a00000, 0x0000000800000000)
  region size 1024K, 22 young (22528K), 22 survivors (22528K)
 Metaspace       used 55978K, capacity 57824K, committed 58160K, reserved 1099776K
  class space    used 7257K, capacity 7978K, committed 8064K, reserved 1048576K
}
Event: 92438,239 GC heap before
{Heap before GC invocations=12 (full 0):
 garbage-first heap   total 292864K, used 186984K [0x0000000746a00000, 0x0000000800000000)
  region size 1024K, 171 young (175104K), 22 survivors (22528K)
 Metaspace       used 56045K, capacity 57824K, committed 58160K, reserved 1099776K
  class space    used 7257K, capacity 7978K, committed 8064K, reserved 1048576K
}

Deoptimization events (0 events):
No events

Classes redefined (0 events):
No events

Internal exceptions (10 events):
Event: 6,919 Thread 0x00007f945c026800 Exception <a 'java/lang/NoSuchMethodError'{0x000000074da30998}: java.lang.invoke.DirectMethodHandle$Holder.invokeVirtual(Ljava/lang/Object;Ljava/lang/Object;I)V> (0x000000074da30998) thrown at [./open/src/hotspot/share/interpreter/linkResolver.cpp, line 7
Event: 6,922 Thread 0x00007f945c026800 Exception <a 'java/lang/NoSuchMethodError'{0x000000074da4a780}: java.lang.invoke.DirectMethodHandle$Holder.invokeVirtual(Ljava/lang/Object;Ljava/lang/Object;J)V> (0x000000074da4a780) thrown at [./open/src/hotspot/share/interpreter/linkResolver.cpp, line 7
Event: 7,041 Thread 0x00007f945c026800 Exception <a 'java/lang/IncompatibleClassChangeError'{0x000000074d3b65f0}: Found class java.lang.Object, but interface was expected> (0x000000074d3b65f0) thrown at [./open/src/hotspot/share/interpreter/linkResolver.cpp, line 838]
Event: 7,081 Thread 0x00007f945c026800 Exception <a 'java/lang/NoSuchMethodError'{0x000000074d15ac48}: java.lang.invoke.DirectMethodHandle$Holder.invokeStaticInit(Ljava/lang/Object;Ljava/lang/Object;Ljava/lang/Object;Ljava/lang/Object;)I> (0x000000074d15ac48) thrown at [./open/src/hotspot/shar
Event: 7,203 Thread 0x00007f945c026800 Exception <a 'java/lang/NoSuchMethodError'{0x000000074cb812a8}: java.lang.invoke.DirectMethodHandle$Holder.invokeSpecial(Ljava/lang/Object;Ljava/lang/Object;ILjava/lang/Object;ILjava/lang/Object;)Ljava/lang/Object;> (0x000000074cb812a8) thrown at [./open/
Event: 7,204 Thread 0x00007f945c026800 Exception <a 'java/lang/NoSuchMethodError'{0x000000074cb88788}: java.lang.invoke.DirectMethodHandle$Holder.invokeStatic(Ljava/lang/Object;Ljava/lang/Object;ILjava/lang/Object;I)Ljava/lang/Object;> (0x000000074cb88788) thrown at [./open/src/hotspot/share/i
Event: 7,204 Thread 0x00007f945c026800 Exception <a 'java/lang/NoSuchMethodError'{0x000000074cb8bf60}: java.lang.invoke.DirectMethodHandle$Holder.invokeSpecial(Ljava/lang/Object;Ljava/lang/Object;Ljava/lang/Object;ILjava/lang/Object;I)Ljava/lang/Object;> (0x000000074cb8bf60) thrown at [./open/
Event: 7,205 Thread 0x00007f945c026800 Exception <a 'java/lang/NoSuchMethodError'{0x000000074cb980a0}: java.lang.invoke.DirectMethodHandle$Holder.invokeVirtual(Ljava/lang/Object;Ljava/lang/Object;)V> (0x000000074cb980a0) thrown at [./open/src/hotspot/share/interpreter/linkResolver.cpp, line 77
Event: 7,259 Thread 0x00007f945c026800 Exception <a 'java/lang/ClassNotFoundException'{0x000000074c756d48}: java/lang/ObjectCustomizer> (0x000000074c756d48) thrown at [./open/src/hotspot/share/classfile/systemDictionary.cpp, line 228]
Event: 7,260 Thread 0x00007f945c026800 Exception <a 'java/lang/ClassNotFoundException'{0x000000074c7658c0}: com/example/demo/student/StudentCustomizer> (0x000000074c7658c0) thrown at [./open/src/hotspot/share/classfile/systemDictionary.cpp, line 228]

Events (10 events):
Event: 92413,467 Executing VM operation: RevokeBias done
Event: 92418,468 Executing VM operation: RevokeBias
Event: 92418,468 Executing VM operation: RevokeBias done
Event: 92418,468 Thread 0x00007f93c4003000 Thread exited: 0x00007f93c4003000
Event: 92418,470 Executing VM operation: RevokeBias
Event: 92418,470 Executing VM operation: RevokeBias done
Event: 92418,470 Thread 0x00007f93c4003800 Thread exited: 0x00007f93c4003800
Event: 92438,239 Thread 0x00007f93c4003000 Thread added: 0x00007f93c4003000
Event: 92438,239 Executing VM operation: G1CollectForAllocation
Event: 92438,239 Thread 0x00007f93c4003800 Thread added: 0x00007f93c4003800


Dynamic libraries:
746a00000-758800000 rw-p 00000000 00:00 0 
758800000-800000000 ---p 00000000 00:00 0 
800000000-8007e0000 rw-p 00000000 00:00 0 
8007e0000-840000000 ---p 00000000 00:00 0 
562d39abf000-562d39ac0000 r-xp 00000000 08:06 4327637                    /usr/lib/jvm/jdk-11.0.11/bin/java
562d39cc0000-562d39cc1000 r--p 00001000 08:06 4327637                    /usr/lib/jvm/jdk-11.0.11/bin/java
562d39cc1000-562d39cc2000 rw-p 00002000 08:06 4327637                    /usr/lib/jvm/jdk-11.0.11/bin/java
562d3b992000-562d3b9b3000 rw-p 00000000 00:00 0                          [heap]
7f93bc000000-7f93bc021000 rw-p 00000000 00:00 0 
7f93bc021000-7f93c0000000 ---p 00000000 00:00 0 
7f93c0000000-7f93c0021000 rw-p 00000000 00:00 0 
7f93c0021000-7f93c4000000 ---p 00000000 00:00 0 
7f93c4000000-7f93c4021000 rw-p 00000000 00:00 0 
7f93c4021000-7f93c8000000 ---p 00000000 00:00 0 
7f93c8000000-7f93c8021000 rw-p 00000000 00:00 0 
7f93c8021000-7f93cc000000 ---p 00000000 00:00 0 
7f93cc000000-7f93cc021000 rw-p 00000000 00:00 0 
7f93cc021000-7f93d0000000 ---p 00000000 00:00 0 
7f93d0000000-7f93d0021000 rw-p 00000000 00:00 0 
7f93d0021000-7f93d4000000 ---p 00000000 00:00 0 
7f93d574a000-7f93d5af7000 rw-p 00000000 00:00 0 
7f93d5af7000-7f93d5afb000 ---p 00000000 00:00 0 
7f93d5afb000-7f93d5bf8000 rw-p 00000000 00:00 0 
7f93d5bf8000-7f93d5bfc000 ---p 00000000 00:00 0 
7f93d5bfc000-7f93d5cf9000 rw-p 00000000 00:00 0 
7f93d5cf9000-7f93d5cfd000 ---p 00000000 00:00 0 
7f93d5cfd000-7f93d5dfa000 rw-p 00000000 00:00 0 
7f93d5dfa000-7f93d5dfe000 ---p 00000000 00:00 0 
7f93d5dfe000-7f93d5ffb000 rw-p 00000000 00:00 0 
7f93d5ffb000-7f93d60fb000 ---p 00000000 00:00 0 
7f93d60fb000-7f93d60ff000 ---p 00000000 00:00 0 
7f93d60ff000-7f93d63fc000 rw-p 00000000 00:00 0 
7f93d63fc000-7f93d65fc000 rw-p 00000000 00:00 0 
7f93d65fc000-7f93d67fc000 rw-p 00000000 00:00 0 
7f93d67fc000-7f93d6800000 ---p 00000000 00:00 0 
7f93d6800000-7f93d6afd000 rw-p 00000000 00:00 0 
7f93d6afd000-7f93d6cfd000 rw-p 00000000 00:00 0 
7f93d6cfd000-7f93d6efd000 rw-p 00000000 00:00 0 
7f93d6efd000-7f93d6f01000 ---p 00000000 00:00 0 
7f93d6f01000-7f93d71fe000 rw-p 00000000 00:00 0 
7f93d71fe000-7f93d73fe000 rw-p 00000000 00:00 0 
7f93d73fe000-7f93d75fe000 rw-p 00000000 00:00 0 
7f93d75fe000-7f93d7602000 ---p 00000000 00:00 0 
7f93d7602000-7f93d76ff000 rw-p 00000000 00:00 0 
7f93d76ff000-7f93d7703000 ---p 00000000 00:00 0 
7f93d7703000-7f93d7a00000 rw-p 00000000 00:00 0 
7f93d7a00000-7f93d7c00000 rw-p 00000000 00:00 0 
7f93d7c00000-7f93d7e00000 rw-p 00000000 00:00 0 
7f93d7e00000-7f93d8000000 rw-p 00000000 00:00 0 
7f93d8000000-7f93d803d000 rw-p 00000000 00:00 0 
7f93d803d000-7f93dc000000 ---p 00000000 00:00 0 
7f93dc000000-7f93dc021000 rw-p 00000000 00:00 0 
7f93dc021000-7f93e0000000 ---p 00000000 00:00 0 
7f93e0000000-7f93e0021000 rw-p 00000000 00:00 0 
7f93e0021000-7f93e4000000 ---p 00000000 00:00 0 
7f93e4000000-7f93e4193000 rw-p 00000000 00:00 0 
7f93e4193000-7f93e8000000 ---p 00000000 00:00 0 
7f93e8000000-7f93e8021000 rw-p 00000000 00:00 0 
7f93e8021000-7f93ec000000 ---p 00000000 00:00 0 
7f93ec000000-7f93ec021000 rw-p 00000000 00:00 0 
7f93ec021000-7f93f0000000 ---p 00000000 00:00 0 
7f93f0000000-7f93f0026000 rw-p 00000000 00:00 0 
7f93f0026000-7f93f4000000 ---p 00000000 00:00 0 
7f93f4000000-7f93f4021000 rw-p 00000000 00:00 0 
7f93f4021000-7f93f8000000 ---p 00000000 00:00 0 
7f93f8000000-7f93f8021000 rw-p 00000000 00:00 0 
7f93f8021000-7f93fc000000 ---p 00000000 00:00 0 
7f93fc000000-7f93fc021000 rw-p 00000000 00:00 0 
7f93fc021000-7f9400000000 ---p 00000000 00:00 0 
7f9400000000-7f9400021000 rw-p 00000000 00:00 0 
7f9400021000-7f9404000000 ---p 00000000 00:00 0 
7f9404000000-7f9404021000 rw-p 00000000 00:00 0 
7f9404021000-7f9408000000 ---p 00000000 00:00 0 
7f9408000000-7f9408021000 rw-p 00000000 00:00 0 
7f9408021000-7f940c000000 ---p 00000000 00:00 0 
7f940c000000-7f940c021000 rw-p 00000000 00:00 0 
7f940c021000-7f9410000000 ---p 00000000 00:00 0 
7f9410000000-7f9410021000 rw-p 00000000 00:00 0 
7f9410021000-7f9414000000 ---p 00000000 00:00 0 
7f9414000000-7f94145bc000 rw-p 00000000 00:00 0 
7f94145bc000-7f9418000000 ---p 00000000 00:00 0 
7f9418000000-7f9418021000 rw-p 00000000 00:00 0 
7f9418021000-7f941c000000 ---p 00000000 00:00 0 
7f941c000000-7f941c021000 rw-p 00000000 00:00 0 
7f941c021000-7f9420000000 ---p 00000000 00:00 0 
7f9420000000-7f9420136000 rw-p 00000000 00:00 0 
7f9420136000-7f9424000000 ---p 00000000 00:00 0 
7f9424000000-7f9424021000 rw-p 00000000 00:00 0 
7f9424021000-7f9428000000 ---p 00000000 00:00 0 
7f94280ce000-7f94282ce000 rw-p 00000000 00:00 0 
7f94282ce000-7f94282d2000 ---p 00000000 00:00 0 
7f94282d2000-7f94283cf000 rw-p 00000000 00:00 0 
7f94283cf000-7f94283d3000 ---p 00000000 00:00 0 
7f94283d3000-7f94284d0000 rw-p 00000000 00:00 0 
7f94284d0000-7f94284d4000 ---p 00000000 00:00 0 
7f94284d4000-7f94287bd000 rw-p 00000000 00:00 0 
7f94287bd000-7f94287d1000 ---p 00000000 00:00 0 
7f94287d1000-7f94287d5000 ---p 00000000 00:00 0 
7f94287d5000-7f9428ad2000 rw-p 00000000 00:00 0 
7f9428ad2000-7f9428cd2000 rw-p 00000000 00:00 0 
7f9428cd2000-7f9428ed2000 rw-p 00000000 00:00 0 
7f9428ed2000-7f9428ed3000 ---p 00000000 00:00 0 
7f9428ed3000-7f9428fd4000 rw-p 00000000 00:00 0 
7f9428fd4000-7f9428fd5000 ---p 00000000 00:00 0 
7f9428fd5000-7f94290d6000 rw-p 00000000 00:00 0 
7f94290d6000-7f94290d7000 ---p 00000000 00:00 0 
7f94290d7000-7f94291d8000 rw-p 00000000 00:00 0 
7f94291d8000-7f94291d9000 ---p 00000000 00:00 0 
7f94291d9000-7f94292da000 rw-p 00000000 00:00 0 
7f94292da000-7f94292de000 ---p 00000000 00:00 0 
7f94292de000-7f94293db000 rw-p 00000000 00:00 0 
7f94293db000-7f94293dc000 ---p 00000000 00:00 0 
7f94293dc000-7f94296dd000 rw-p 00000000 00:00 0 
7f94296dd000-7f94296e1000 ---p 00000000 00:00 0 
7f94296e1000-7f94299de000 rw-p 00000000 00:00 0 
7f94299de000-7f94299e3000 r-xp 00000000 08:06 4333187                    /usr/lib/jvm/jdk-11.0.11/lib/libmanagement_ext.so
7f94299e3000-7f9429be3000 ---p 00005000 08:06 4333187                    /usr/lib/jvm/jdk-11.0.11/lib/libmanagement_ext.so
7f9429be3000-7f9429be4000 r--p 00005000 08:06 4333187                    /usr/lib/jvm/jdk-11.0.11/lib/libmanagement_ext.so
7f9429be4000-7f9429be5000 rw-p 00006000 08:06 4333187                    /usr/lib/jvm/jdk-11.0.11/lib/libmanagement_ext.so
7f9429be5000-7f9429be9000 r-xp 00000000 08:06 4333185                    /usr/lib/jvm/jdk-11.0.11/lib/libmanagement.so
7f9429be9000-7f9429de9000 ---p 00004000 08:06 4333185                    /usr/lib/jvm/jdk-11.0.11/lib/libmanagement.so
7f9429de9000-7f9429dea000 r--p 00004000 08:06 4333185                    /usr/lib/jvm/jdk-11.0.11/lib/libmanagement.so
7f9429dea000-7f9429deb000 rw-p 00005000 08:06 4333185                    /usr/lib/jvm/jdk-11.0.11/lib/libmanagement.so
7f9429deb000-7f9429ded000 r-xp 00000000 08:06 4333169                    /usr/lib/jvm/jdk-11.0.11/lib/libextnet.so
7f9429ded000-7f9429fec000 ---p 00002000 08:06 4333169                    /usr/lib/jvm/jdk-11.0.11/lib/libextnet.so
7f9429fec000-7f9429fed000 r--p 00001000 08:06 4333169                    /usr/lib/jvm/jdk-11.0.11/lib/libextnet.so
7f9429fed000-7f9429fee000 rw-p 00002000 08:06 4333169                    /usr/lib/jvm/jdk-11.0.11/lib/libextnet.so
7f9429fee000-7f9429ff2000 ---p 00000000 00:00 0 
7f9429ff2000-7f942a0ef000 rw-p 00000000 00:00 0 
7f942a0ef000-7f942a0f3000 ---p 00000000 00:00 0 
7f942a0f3000-7f942a1f0000 rw-p 00000000 00:00 0 
7f942a1f0000-7f942a207000 r-xp 00000000 08:06 4333189                    /usr/lib/jvm/jdk-11.0.11/lib/libnet.so
7f942a207000-7f942a406000 ---p 00017000 08:06 4333189                    /usr/lib/jvm/jdk-11.0.11/lib/libnet.so
7f942a406000-7f942a407000 r--p 00016000 08:06 4333189                    /usr/lib/jvm/jdk-11.0.11/lib/libnet.so
7f942a407000-7f942a408000 rw-p 00017000 08:06 4333189                    /usr/lib/jvm/jdk-11.0.11/lib/libnet.so
7f942a408000-7f942a418000 r-xp 00000000 08:06 4333190                    /usr/lib/jvm/jdk-11.0.11/lib/libnio.so
7f942a418000-7f942a618000 ---p 00010000 08:06 4333190                    /usr/lib/jvm/jdk-11.0.11/lib/libnio.so
7f942a618000-7f942a619000 r--p 00010000 08:06 4333190                    /usr/lib/jvm/jdk-11.0.11/lib/libnio.so
7f942a619000-7f942a61a000 rw-p 00011000 08:06 4333190                    /usr/lib/jvm/jdk-11.0.11/lib/libnio.so
7f942a61a000-7f942a61e000 ---p 00000000 00:00 0 
7f942a61e000-7f942a71b000 rw-p 00000000 00:00 0 
7f942a71b000-7f942a71f000 ---p 00000000 00:00 0 
7f942a71f000-7f942a81c000 rw-p 00000000 00:00 0 
7f942a81c000-7f942a820000 ---p 00000000 00:00 0 
7f942a820000-7f942a91d000 rw-p 00000000 00:00 0 
7f942a91d000-7f942a921000 ---p 00000000 00:00 0 
7f942a921000-7f942aa1e000 rw-p 00000000 00:00 0 
7f942aa1e000-7f942b800000 r--p 00000000 08:06 4201331                    /usr/lib/locale/locale-archive
7f942b800000-7f942c000000 rw-p 00000000 00:00 0 
7f942c000000-7f942c021000 rw-p 00000000 00:00 0 
7f942c021000-7f9430000000 ---p 00000000 00:00 0 
7f9430000000-7f9430021000 rw-p 00000000 00:00 0 
7f9430021000-7f9434000000 ---p 00000000 00:00 0 
7f9434000000-7f9434021000 rw-p 00000000 00:00 0 
7f9434021000-7f9438000000 ---p 00000000 00:00 0 
7f943804c000-7f9438050000 ---p 00000000 00:00 0 
7f9438050000-7f943814d000 rw-p 00000000 00:00 0 
7f943814d000-7f9438151000 ---p 00000000 00:00 0 
7f9438151000-7f943824e000 rw-p 00000000 00:00 0 
7f943824e000-7f943824f000 ---p 00000000 00:00 0 
7f943824f000-7f943a7c8000 rw-p 00000000 00:00 0 
7f943a7c8000-7f943d1a8000 ---p 00000000 00:00 0 
7f943d1a8000-7f943d620000 rw-p 00000000 00:00 0 
7f943d620000-7f9440000000 ---p 00000000 00:00 0 
7f9440000000-7f9440039000 rw-p 00000000 00:00 0 
7f9440039000-7f9444000000 ---p 00000000 00:00 0 
7f944408c000-7f944410d000 rw-p 00000000 00:00 0 
7f944410d000-7f944410e000 ---p 00000000 00:00 0 
7f944410e000-7f944420f000 rw-p 00000000 00:00 0 
7f944420f000-7f9444210000 ---p 00000000 00:00 0 
7f9444210000-7f94445a2000 rw-p 00000000 00:00 0 
7f94445a2000-7f9444ade000 ---p 00000000 00:00 0 
7f9444ade000-7f9444d4e000 rwxp 00000000 00:00 0 
7f9444d4e000-7f9445185000 ---p 00000000 00:00 0 
7f9445185000-7f94459d5000 rwxp 00000000 00:00 0 
7f94459d5000-7f9453ade000 ---p 00000000 00:00 0 
7f9453ade000-7f945c000000 r--s 00000000 08:06 4333200                    /usr/lib/jvm/jdk-11.0.11/lib/modules
7f945c000000-7f945d862000 rw-p 00000000 00:00 0 
7f945d862000-7f9460000000 ---p 00000000 00:00 0 
7f946002f000-7f9460054000 r--p 00000000 08:06 674016                     /usr/share/locale-langpack/fr/LC_MESSAGES/libc.mo
7f9460054000-7f94602b1000 rw-p 00000000 00:00 0 
7f94602b1000-7f94602b2000 ---p 00000000 00:00 0 
7f94602b2000-7f94603b3000 rw-p 00000000 00:00 0 
7f94603b3000-7f94603b4000 ---p 00000000 00:00 0 
7f94603b4000-7f94605a7000 rw-p 00000000 00:00 0 
7f94605a7000-7f9460ae3000 ---p 00000000 00:00 0 
7f9460ae3000-7f9460b72000 rw-p 00000000 00:00 0 
7f9460b72000-7f94610ae000 ---p 00000000 00:00 0 
7f94610ae000-7f94614b2000 rw-p 00000000 00:00 0 
7f94614b2000-7f94614b3000 ---p 00000000 00:00 0 
7f94614b3000-7f94615c5000 rw-p 00000000 00:00 0 
7f94615c5000-7f9461787000 ---p 00000000 00:00 0 
7f9461787000-7f946178e000 r-xp 00000000 08:06 4333199                    /usr/lib/jvm/jdk-11.0.11/lib/libzip.so
7f946178e000-7f946198d000 ---p 00007000 08:06 4333199                    /usr/lib/jvm/jdk-11.0.11/lib/libzip.so
7f946198d000-7f946198e000 r--p 00006000 08:06 4333199                    /usr/lib/jvm/jdk-11.0.11/lib/libzip.so
7f946198e000-7f946198f000 rw-p 00007000 08:06 4333199                    /usr/lib/jvm/jdk-11.0.11/lib/libzip.so
7f946198f000-7f9461992000 r--p 00000000 08:06 4202985                    /usr/lib/x86_64-linux-gnu/libnss_files-2.32.so
7f9461992000-7f946199a000 r-xp 00003000 08:06 4202985                    /usr/lib/x86_64-linux-gnu/libnss_files-2.32.so
7f946199a000-7f946199c000 r--p 0000b000 08:06 4202985                    /usr/lib/x86_64-linux-gnu/libnss_files-2.32.so
7f946199c000-7f946199d000 r--p 0000c000 08:06 4202985                    /usr/lib/x86_64-linux-gnu/libnss_files-2.32.so
7f946199d000-7f946199e000 rw-p 0000d000 08:06 4202985                    /usr/lib/x86_64-linux-gnu/libnss_files-2.32.so
7f946199e000-7f94619a4000 rw-p 00000000 00:00 0 
7f94619a9000-7f94619ae000 rw-p 00000000 00:00 0 
7f94619ae000-7f94619b7000 ---p 00000000 00:00 0 
7f94619b7000-7f94619c1000 r-xp 00000000 08:06 4333172                    /usr/lib/jvm/jdk-11.0.11/lib/libinstrument.so
7f94619c1000-7f9461bc0000 ---p 0000a000 08:06 4333172                    /usr/lib/jvm/jdk-11.0.11/lib/libinstrument.so
7f9461bc0000-7f9461bc1000 r--p 00009000 08:06 4333172                    /usr/lib/jvm/jdk-11.0.11/lib/libinstrument.so
7f9461bc1000-7f9461bc2000 rw-p 0000a000 08:06 4333172                    /usr/lib/jvm/jdk-11.0.11/lib/libinstrument.so
7f9461bc2000-7f9461bdd000 r-xp 00000000 08:06 4333181                    /usr/lib/jvm/jdk-11.0.11/lib/libjimage.so
7f9461bdd000-7f9461ddc000 ---p 0001b000 08:06 4333181                    /usr/lib/jvm/jdk-11.0.11/lib/libjimage.so
7f9461ddc000-7f9461dde000 r--p 0001a000 08:06 4333181                    /usr/lib/jvm/jdk-11.0.11/lib/libjimage.so
7f9461dde000-7f9461ddf000 rw-p 0001c000 08:06 4333181                    /usr/lib/jvm/jdk-11.0.11/lib/libjimage.so
7f9461ddf000-7f9461e09000 r-xp 00000000 08:06 4333177                    /usr/lib/jvm/jdk-11.0.11/lib/libjava.so
7f9461e09000-7f9462008000 ---p 0002a000 08:06 4333177                    /usr/lib/jvm/jdk-11.0.11/lib/libjava.so
7f9462008000-7f9462009000 r--p 00029000 08:06 4333177                    /usr/lib/jvm/jdk-11.0.11/lib/libjava.so
7f9462009000-7f946200a000 rw-p 0002a000 08:06 4333177                    /usr/lib/jvm/jdk-11.0.11/lib/libjava.so
7f946200a000-7f946200b000 rw-p 00000000 00:00 0 
7f946200b000-7f9462018000 r-xp 00000000 08:06 4333198                    /usr/lib/jvm/jdk-11.0.11/lib/libverify.so
7f9462018000-7f9462217000 ---p 0000d000 08:06 4333198                    /usr/lib/jvm/jdk-11.0.11/lib/libverify.so
7f9462217000-7f9462219000 r--p 0000c000 08:06 4333198                    /usr/lib/jvm/jdk-11.0.11/lib/libverify.so
7f9462219000-7f946221a000 rw-p 0000e000 08:06 4333198                    /usr/lib/jvm/jdk-11.0.11/lib/libverify.so
7f946221a000-7f946221d000 r--p 00000000 08:06 4203189                    /usr/lib/x86_64-linux-gnu/librt-2.32.so
7f946221d000-7f9462221000 r-xp 00003000 08:06 4203189                    /usr/lib/x86_64-linux-gnu/librt-2.32.so
7f9462221000-7f9462223000 r--p 00007000 08:06 4203189                    /usr/lib/x86_64-linux-gnu/librt-2.32.so
7f9462223000-7f9462224000 r--p 00008000 08:06 4203189                    /usr/lib/x86_64-linux-gnu/librt-2.32.so
7f9462224000-7f9462225000 rw-p 00009000 08:06 4203189                    /usr/lib/x86_64-linux-gnu/librt-2.32.so
7f9462225000-7f9462229000 ---p 00000000 00:00 0 
7f9462229000-7f9462326000 rw-p 00000000 00:00 0 
7f9462326000-7f9462335000 r--p 00000000 08:06 4202860                    /usr/lib/x86_64-linux-gnu/libm-2.32.so
7f9462335000-7f94623dc000 r-xp 0000f000 08:06 4202860                    /usr/lib/x86_64-linux-gnu/libm-2.32.so
7f94623dc000-7f9462473000 r--p 000b6000 08:06 4202860                    /usr/lib/x86_64-linux-gnu/libm-2.32.so
7f9462473000-7f9462474000 r--p 0014c000 08:06 4202860                    /usr/lib/x86_64-linux-gnu/libm-2.32.so
7f9462474000-7f9462475000 rw-p 0014d000 08:06 4202860                    /usr/lib/x86_64-linux-gnu/libm-2.32.so
7f9462475000-7f946362b000 r-xp 00000000 08:06 4333211                    /usr/lib/jvm/jdk-11.0.11/lib/server/libjvm.so
7f946362b000-7f946382b000 ---p 011b6000 08:06 4333211                    /usr/lib/jvm/jdk-11.0.11/lib/server/libjvm.so
7f946382b000-7f94638ea000 r--p 011b6000 08:06 4333211                    /usr/lib/jvm/jdk-11.0.11/lib/server/libjvm.so
7f94638ea000-7f9463924000 rw-p 01275000 08:06 4333211                    /usr/lib/jvm/jdk-11.0.11/lib/server/libjvm.so
7f9463924000-7f946397d000 rw-p 00000000 00:00 0 
7f946397d000-7f94639a3000 r--p 00000000 08:06 4202206                    /usr/lib/x86_64-linux-gnu/libc-2.32.so
7f94639a3000-7f9463b10000 r-xp 00026000 08:06 4202206                    /usr/lib/x86_64-linux-gnu/libc-2.32.so
7f9463b10000-7f9463b5c000 r--p 00193000 08:06 4202206                    /usr/lib/x86_64-linux-gnu/libc-2.32.so
7f9463b5c000-7f9463b5d000 ---p 001df000 08:06 4202206                    /usr/lib/x86_64-linux-gnu/libc-2.32.so
7f9463b5d000-7f9463b60000 r--p 001df000 08:06 4202206                    /usr/lib/x86_64-linux-gnu/libc-2.32.so
7f9463b60000-7f9463b63000 rw-p 001e2000 08:06 4202206                    /usr/lib/x86_64-linux-gnu/libc-2.32.so
7f9463b63000-7f9463b67000 rw-p 00000000 00:00 0 
7f9463b67000-7f9463b68000 r--p 00000000 08:06 4202349                    /usr/lib/x86_64-linux-gnu/libdl-2.32.so
7f9463b68000-7f9463b6a000 r-xp 00001000 08:06 4202349                    /usr/lib/x86_64-linux-gnu/libdl-2.32.so
7f9463b6a000-7f9463b6b000 r--p 00003000 08:06 4202349                    /usr/lib/x86_64-linux-gnu/libdl-2.32.so
7f9463b6b000-7f9463b6c000 r--p 00003000 08:06 4202349                    /usr/lib/x86_64-linux-gnu/libdl-2.32.so
7f9463b6c000-7f9463b6d000 rw-p 00004000 08:06 4202349                    /usr/lib/x86_64-linux-gnu/libdl-2.32.so
7f9463b6d000-7f9463b7d000 r-xp 00000000 08:06 4333160                    /usr/lib/jvm/jdk-11.0.11/lib/jli/libjli.so
7f9463b7d000-7f9463d7c000 ---p 00010000 08:06 4333160                    /usr/lib/jvm/jdk-11.0.11/lib/jli/libjli.so
7f9463d7c000-7f9463d7d000 r--p 0000f000 08:06 4333160                    /usr/lib/jvm/jdk-11.0.11/lib/jli/libjli.so
7f9463d7d000-7f9463d7e000 rw-p 00010000 08:06 4333160                    /usr/lib/jvm/jdk-11.0.11/lib/jli/libjli.so
7f9463d7e000-7f9463d85000 r--p 00000000 08:06 4203129                    /usr/lib/x86_64-linux-gnu/libpthread-2.32.so
7f9463d85000-7f9463d95000 r-xp 00007000 08:06 4203129                    /usr/lib/x86_64-linux-gnu/libpthread-2.32.so
7f9463d95000-7f9463d9a000 r--p 00017000 08:06 4203129                    /usr/lib/x86_64-linux-gnu/libpthread-2.32.so
7f9463d9a000-7f9463d9b000 r--p 0001b000 08:06 4203129                    /usr/lib/x86_64-linux-gnu/libpthread-2.32.so
7f9463d9b000-7f9463d9c000 rw-p 0001c000 08:06 4203129                    /usr/lib/x86_64-linux-gnu/libpthread-2.32.so
7f9463d9c000-7f9463da0000 rw-p 00000000 00:00 0 
7f9463da0000-7f9463da2000 r--p 00000000 08:06 4203573                    /usr/lib/x86_64-linux-gnu/libz.so.1.2.11
7f9463da2000-7f9463db4000 r-xp 00002000 08:06 4203573                    /usr/lib/x86_64-linux-gnu/libz.so.1.2.11
7f9463db4000-7f9463dbb000 r--p 00014000 08:06 4203573                    /usr/lib/x86_64-linux-gnu/libz.so.1.2.11
7f9463dbb000-7f9463dbc000 r--p 0001a000 08:06 4203573                    /usr/lib/x86_64-linux-gnu/libz.so.1.2.11
7f9463dbc000-7f9463dbd000 rw-p 0001b000 08:06 4203573                    /usr/lib/x86_64-linux-gnu/libz.so.1.2.11
7f9463dbf000-7f9463dc6000 r--s 00000000 08:06 4852273                    /usr/lib/x86_64-linux-gnu/gconv/gconv-modules.cache
7f9463dc6000-7f9463dce000 rw-s 00000000 08:06 1577473                    /tmp/hsperfdata_cedric/18818
7f9463dce000-7f9463dcf000 ---p 00000000 00:00 0 
7f9463dcf000-7f9463dd0000 r--p 00000000 00:00 0 
7f9463dd0000-7f9463dd2000 rw-p 00000000 00:00 0 
7f9463dd2000-7f9463dd3000 r--p 00000000 08:06 4201990                    /usr/lib/x86_64-linux-gnu/ld-2.32.so
7f9463dd3000-7f9463df7000 r-xp 00001000 08:06 4201990                    /usr/lib/x86_64-linux-gnu/ld-2.32.so
7f9463df7000-7f9463e00000 r--p 00025000 08:06 4201990                    /usr/lib/x86_64-linux-gnu/ld-2.32.so
7f9463e00000-7f9463e01000 r--p 0002d000 08:06 4201990                    /usr/lib/x86_64-linux-gnu/ld-2.32.so
7f9463e01000-7f9463e03000 rw-p 0002e000 08:06 4201990                    /usr/lib/x86_64-linux-gnu/ld-2.32.so
7ffe6cdea000-7ffe6ce0d000 rw-p 00000000 00:00 0                          [stack]
7ffe6ce44000-7ffe6ce48000 r--p 00000000 00:00 0                          [vvar]
7ffe6ce48000-7ffe6ce4a000 r-xp 00000000 00:00 0                          [vdso]
ffffffffff600000-ffffffffff601000 --xp 00000000 00:00 0                  [vsyscall]


VM Arguments:
jvm_args: -XX:TieredStopAtLevel=1 -Xverify:none -Dspring.output.ansi.enabled=always -javaagent:/home/cedric/.local/share/JetBrains/Toolbox/apps/IDEA-U/ch-0/212.5284.40/lib/idea_rt.jar=43567:/home/cedric/.local/share/JetBrains/Toolbox/apps/IDEA-U/ch-0/212.5284.40/bin -Dcom.sun.management.jmxremote -Dspring.jmx.enabled=true -Dspring.liveBeansView.mbeanDomain -Dspring.application.admin.enabled=true -Dfile.encoding=UTF-8 
java_command: com.example.demo.DemoApplication
java_class_path (initial): /home/cedric/Bureau/demo/target/classes:/home/cedric/.m2/repository/org/springframework/boot/spring-boot-starter-data-jpa/2.5.5/spring-boot-starter-data-jpa-2.5.5.jar:/home/cedric/.m2/repository/org/springframework/boot/spring-boot-starter-aop/2.5.5/spring-boot-starter-aop-2.5.5.jar:/home/cedric/.m2/repository/org/springframework/spring-aop/5.3.10/spring-aop-5.3.10.jar:/home/cedric/.m2/repository/org/aspectj/aspectjweaver/1.9.7/aspectjweaver-1.9.7.jar:/home/cedric/.m2/repository/org/springframework/boot/spring-boot-starter-jdbc/2.5.5/spring-boot-starter-jdbc-2.5.5.jar:/home/cedric/.m2/repository/com/zaxxer/HikariCP/4.0.3/HikariCP-4.0.3.jar:/home/cedric/.m2/repository/org/springframework/spring-jdbc/5.3.10/spring-jdbc-5.3.10.jar:/home/cedric/.m2/repository/jakarta/transaction/jakarta.transaction-api/1.3.3/jakarta.transaction-api-1.3.3.jar:/home/cedric/.m2/repository/jakarta/persistence/jakarta.persistence-api/2.2.3/jakarta.persistence-api-2.2.3.jar:/home/cedric/.m2/repository/org/hibernate/hibernate-core/5.4.32.Final/hibernate-core-5.4.32.Final.jar:/home/cedric/.m2/repository/org/jboss/logging/jboss-logging/3.4.2.Final/jboss-logging-3.4.2.Final.jar:/home/cedric/.m2/repository/org/javassist/javassist/3.27.0-GA/javassist-3.27.0-GA.jar:/home/cedric/.m2/repository/net/bytebuddy/byte-buddy/1.10.22/byte-buddy-1.10.22.jar:/home/cedric/.m2/repository/antlr/antlr/2.7.7/antlr-2.7.7.jar:/home/cedric/.m2/repository/org/jboss/jandex/2.2.3.Final/jandex-2.2.3.Final.jar:/home/cedric/.m2/repository/com/fasterxml/classmate/1.5.1/classmate-1.5.1.jar:/home/cedric/.m2/repository/org/dom4j/dom4j/2.1.3/dom4j-2.1.3.jar:/home/cedric/.m2/repository/org/hibernate/common/hibernate-commons-annotations/5.1.2.Final/hibernate-commons-annotations-5.1.2.Final.jar:/home/cedric/.m2/repository/org/glassfish/jaxb/jaxb-runtime/2.3.5/jaxb-runtime-2.3.5.jar:/home/cedric/.m2/repository/org/glassfish/jaxb/txw2/2.3.5/txw2-2.3.5.jar:/home/cedric/.m2/repository/com/sun/istack/istack-
Launcher Type: SUN_STANDARD

[Global flags]
     bool BytecodeVerificationLocal                = false                                     {product} {command line}
     bool BytecodeVerificationRemote               = false                                     {product} {command line}
     intx CICompilerCount                          = 3                                         {product} {ergonomic}
     uint ConcGCThreads                            = 1                                         {product} {ergonomic}
     uint G1ConcRefinementThreads                  = 4                                         {product} {ergonomic}
   size_t G1HeapRegionSize                         = 1048576                                   {product} {ergonomic}
    uintx GCDrainStackTargetSize                   = 64                                        {product} {ergonomic}
   size_t InitialHeapSize                          = 195035136                                 {product} {ergonomic}
     bool ManagementServer                         = true                                      {product} {command line}
   size_t MarkStackSize                            = 4194304                                   {product} {ergonomic}
   size_t MaxHeapSize                              = 3110076416                                {product} {ergonomic}
   size_t MaxNewSize                               = 1865416704                                {product} {ergonomic}
   size_t MinHeapDeltaBytes                        = 1048576                                   {product} {ergonomic}
    uintx NonNMethodCodeHeapSize                   = 6973028                                {pd product} {ergonomic}
    uintx NonProfiledCodeHeapSize                  = 244685212                              {pd product} {ergonomic}
    uintx ProfiledCodeHeapSize                     = 0                                      {pd product} {ergonomic}
    uintx ReservedCodeCacheSize                    = 251658240                              {pd product} {ergonomic}
     bool SegmentedCodeCache                       = true                                      {product} {ergonomic}
     intx TieredStopAtLevel                        = 1                                         {product} {command line}
     bool UseCompressedClassPointers               = true                                 {lp64_product} {ergonomic}
     bool UseCompressedOops                        = true                                 {lp64_product} {ergonomic}
     bool UseG1GC                                  = true                                      {product} {ergonomic}

Logging:
Log output configuration:
 #0: stdout all=warning uptime,level,tags
 #1: stderr all=off uptime,level,tags

Environment Variables:
PATH=/usr/local/sbin:/usr/local/bin:/usr/sbin:/usr/bin:/sbin:/bin:/usr/games:/usr/local/games:/snap/bin
USERNAME=cedric
SHELL=/bin/bash
DISPLAY=:0

Signal Handlers:
SIGSEGV: [libjvm.so+0xea2e10], sa_mask[0]=11111111011111111101111111111110, sa_flags=SA_RESTART|SA_SIGINFO
SIGBUS: [libjvm.so+0xea2e10], sa_mask[0]=11111111011111111101111111111110, sa_flags=SA_RESTART|SA_SIGINFO
SIGFPE: [libjvm.so+0xea2e10], sa_mask[0]=11111111011111111101111111111110, sa_flags=SA_RESTART|SA_SIGINFO
SIGPIPE: [libjvm.so+0xc720d0], sa_mask[0]=11111111011111111101111111111110, sa_flags=SA_RESTART|SA_SIGINFO
SIGXFSZ: [libjvm.so+0xc720d0], sa_mask[0]=11111111011111111101111111111110, sa_flags=SA_RESTART|SA_SIGINFO
SIGILL: [libjvm.so+0xea2e10], sa_mask[0]=11111111011111111101111111111110, sa_flags=SA_RESTART|SA_SIGINFO
SIGUSR2: [libjvm.so+0xc71f70], sa_mask[0]=00100000000000000000000000000000, sa_flags=SA_RESTART|SA_SIGINFO
SIGHUP: [libjvm.so+0xc722d0], sa_mask[0]=11111111011111111101111111111110, sa_flags=SA_RESTART|SA_SIGINFO
SIGINT: [libjvm.so+0xc722d0], sa_mask[0]=11111111011111111101111111111110, sa_flags=SA_RESTART|SA_SIGINFO
SIGTERM: [libjvm.so+0xc722d0], sa_mask[0]=11111111011111111101111111111110, sa_flags=SA_RESTART|SA_SIGINFO
SIGQUIT: [libjvm.so+0xc722d0], sa_mask[0]=11111111011111111101111111111110, sa_flags=SA_RESTART|SA_SIGINFO


---------------  S Y S T E M  ---------------

OS:DISTRIB_ID=Ubuntu
DISTRIB_RELEASE=20.10
DISTRIB_CODENAME=groovy
DISTRIB_DESCRIPTION="Ubuntu 20.10"
uname:Linux 5.8.0-25-generic #26-Ubuntu SMP Thu Oct 15 10:30:38 UTC 2020 x86_64
libc:glibc 2.32 NPTL 2.32 
rlimit: STACK 8192k, CORE 0k, NPROC 47217, NOFILE 1048576, AS infinity, DATA infinity, FSIZE infinity
load average:1,08 0,63 0,68

/proc/meminfo:
MemTotal:       12146180 kB
MemFree:          222000 kB
MemAvailable:    1460164 kB
Buffers:          137660 kB
Cached:          1885700 kB
SwapCached:        15968 kB
Active:          9827388 kB
Inactive:        1472416 kB
Active(anon):    8879416 kB
Inactive(anon):  1008488 kB
Active(file):     947972 kB
Inactive(file):   463928 kB
Unevictable:      119984 kB
Mlocked:              36 kB
SwapTotal:       2097148 kB
SwapFree:        1656112 kB
Dirty:              8360 kB
Writeback:             0 kB
AnonPages:       9385860 kB
Mapped:           660336 kB
Shmem:            611460 kB
KReclaimable:     125236 kB
Slab:             293532 kB
SReclaimable:     125236 kB
SUnreclaim:       168296 kB
KernelStack:       26320 kB
PageTables:        81900 kB
NFS_Unstable:          0 kB
Bounce:                0 kB
WritebackTmp:          0 kB
CommitLimit:     8170236 kB
Committed_AS:   24119524 kB
VmallocTotal:   34359738367 kB
VmallocUsed:       57048 kB
VmallocChunk:          0 kB
Percpu:             3520 kB
HardwareCorrupted:     0 kB
AnonHugePages:     14336 kB
ShmemHugePages:        0 kB
ShmemPmdMapped:        0 kB
FileHugePages:         0 kB
FilePmdMapped:         0 kB
HugePages_Total:       0
HugePages_Free:        0
HugePages_Rsvd:        0
HugePages_Surp:        0
Hugepagesize:       2048 kB
Hugetlb:               0 kB
DirectMap4k:      749208 kB
DirectMap2M:    11714560 kB
DirectMap1G:           0 kB


/proc/sys/kernel/threads-max (system-wide limit on the number of threads):
94434


/proc/sys/vm/max_map_count (maximum number of memory map areas a process may have):
65530


/proc/sys/kernel/pid_max (system-wide limit on number of process identifiers):
4194304



container (cgroup) information:
container_type: cgroupv1
cpu_cpuset_cpus: 0-3
cpu_memory_nodes: 0
active_processor_count: 4
cpu_quota: -1
cpu_period: 100000
cpu_shares: -1
memory_limit_in_bytes: -1
memory_and_swap_limit_in_bytes: -1
memory_soft_limit_in_bytes: -1
memory_usage_in_bytes: 11252711424
memory_max_usage_in_bytes: 11539677184


CPU:total 4 (initial active 4) (2 cores per cpu, 2 threads per core) family 6 model 69 stepping 1 microcode 0x26, cmov, cx8, fxsr, mmx, sse, sse2, sse3, ssse3, sse4.1, sse4.2, popcnt, avx, avx2, aes, clmul, erms, lzcnt, ht, tsc, tscinvbit, bmi1, bmi2, fma
CPU Model and flags from /proc/cpuinfo:
model name	: Intel(R) Core(TM) i3-4030U CPU @ 1.90GHz
flags		: fpu vme de pse tsc msr pae mce cx8 apic sep mtrr pge mca cmov pat pse36 clflush dts acpi mmx fxsr sse sse2 ss ht tm pbe syscall nx pdpe1gb rdtscp lm constant_tsc arch_perfmon pebs bts rep_good nopl xtopology nonstop_tsc cpuid aperfmperf pni pclmulqdq dtes64 monitor ds_cpl vmx est tm2 ssse3 sdbg fma cx16 xtpr pdcm pcid sse4_1 sse4_2 x2apic movbe popcnt tsc_deadline_timer aes xsave avx f16c rdrand lahf_lm abm cpuid_fault epb invpcid_single pti ssbd ibrs ibpb stibp tpr_shadow vnmi flexpriority ept vpid ept_ad fsgsbase tsc_adjust bmi1 avx2 smep bmi2 erms invpcid xsaveopt dtherm arat pln pts md_clear flush_l1d

Memory: 4k page, physical 12146180k(222000k free), swap 2097148k(1656112k free)

vm_info: Java HotSpot(TM) 64-Bit Server VM (11.0.11+9-LTS-194) for linux-amd64 JRE (11.0.11+9-LTS-194), built on Mar 18 2021 17:46:40 by "mach5one" with gcc 7.3.0

END.
